{"/home/travis/build/npmtest/node-npmtest-stylelint-scss/test.js":{"path":"/home/travis/build/npmtest/node-npmtest-stylelint-scss/test.js","s":{"1":2,"2":2,"3":2,"4":2,"5":2,"6":2,"7":2,"8":1,"9":2,"10":2,"11":1,"12":1,"13":1,"14":1,"15":2,"16":2,"17":2,"18":2,"19":1,"20":1,"21":2,"22":2,"23":2,"24":1,"25":1,"26":1,"27":1,"28":1,"29":1,"30":1,"31":1,"32":1,"33":1,"34":1,"35":1,"36":1,"37":1,"38":1,"39":2,"40":2,"41":1,"42":2,"43":2,"44":1,"45":2,"46":2,"47":1,"48":2,"49":2,"50":1,"51":1,"52":1,"53":1,"54":1},"b":{"1":[2,1,1,1],"2":[1,1,1,1],"3":[1,1],"4":[1,1],"5":[1,1],"6":[1,1],"7":[1,1],"8":[1,1],"9":[1,1],"10":[1,1,1],"11":[1,1],"12":[1,1],"13":[1,1],"14":[1,1],"15":[1,1],"16":[1,1],"17":[1,1]},"f":{"1":2,"2":2,"3":2,"4":2,"5":2,"6":1,"7":1,"8":1,"9":2,"10":2,"11":2,"12":2,"13":1},"fnMap":{"1":{"name":"(anonymous_1)","line":12,"loc":{"start":{"line":12,"column":1},"end":{"line":12,"column":13}}},"2":{"name":"(anonymous_2)","line":19,"loc":{"start":{"line":19,"column":5},"end":{"line":19,"column":17}}},"3":{"name":"(anonymous_3)","line":23,"loc":{"start":{"line":23,"column":24},"end":{"line":23,"column":36}}},"4":{"name":"(anonymous_4)","line":61,"loc":{"start":{"line":61,"column":5},"end":{"line":61,"column":17}}},"5":{"name":"(anonymous_5)","line":82,"loc":{"start":{"line":82,"column":5},"end":{"line":82,"column":17}}},"6":{"name":"(anonymous_6)","line":91,"loc":{"start":{"line":91,"column":77},"end":{"line":94,"column":10}}},"7":{"name":"(anonymous_7)","line":112,"loc":{"start":{"line":112,"column":83},"end":{"line":115,"column":10}},"skip":true},"8":{"name":"(anonymous_8)","line":123,"loc":{"start":{"line":123,"column":77},"end":{"line":126,"column":10}},"skip":true},"9":{"name":"(anonymous_9)","line":139,"loc":{"start":{"line":139,"column":12},"end":{"line":139,"column":40}},"skip":true},"10":{"name":"(anonymous_10)","line":147,"loc":{"start":{"line":147,"column":77},"end":{"line":150,"column":10}},"skip":true},"11":{"name":"(anonymous_11)","line":158,"loc":{"start":{"line":158,"column":83},"end":{"line":161,"column":10}},"skip":true},"12":{"name":"(anonymous_12)","line":169,"loc":{"start":{"line":169,"column":79},"end":{"line":172,"column":10}},"skip":true},"13":{"name":"(anonymous_13)","line":180,"loc":{"start":{"line":180,"column":75},"end":{"line":183,"column":10}},"skip":true}},"statementMap":{"1":{"start":{"line":12,"column":0},"end":{"line":195,"column":5}},"2":{"start":{"line":14,"column":4},"end":{"line":14,"column":14}},"3":{"start":{"line":19,"column":4},"end":{"line":56,"column":9}},"4":{"start":{"line":21,"column":8},"end":{"line":21,"column":19}},"5":{"start":{"line":23,"column":8},"end":{"line":35,"column":13}},"6":{"start":{"line":24,"column":12},"end":{"line":34,"column":13}},"7":{"start":{"line":25,"column":16},"end":{"line":28,"column":30}},"8":{"start":{"line":30,"column":16},"end":{"line":33,"column":27}},"9":{"start":{"line":37,"column":8},"end":{"line":39,"column":21}},"10":{"start":{"line":40,"column":8},"end":{"line":53,"column":9}},"11":{"start":{"line":43,"column":12},"end":{"line":46,"column":14}},"12":{"start":{"line":47,"column":12},"end":{"line":47,"column":18}},"13":{"start":{"line":50,"column":12},"end":{"line":51,"column":46}},"14":{"start":{"line":52,"column":12},"end":{"line":52,"column":18}},"15":{"start":{"line":55,"column":8},"end":{"line":55,"column":35}},"16":{"start":{"line":61,"column":4},"end":{"line":63,"column":9}},"17":{"start":{"line":62,"column":8},"end":{"line":62,"column":15}},"18":{"start":{"line":64,"column":4},"end":{"line":77,"column":5}},"19":{"start":{"line":70,"column":8},"end":{"line":70,"column":14}},"20":{"start":{"line":76,"column":8},"end":{"line":76,"column":14}},"21":{"start":{"line":82,"column":4},"end":{"line":84,"column":9}},"22":{"start":{"line":83,"column":8},"end":{"line":83,"column":15}},"23":{"start":{"line":85,"column":4},"end":{"line":194,"column":5}},"24":{"start":{"line":91,"column":8},"end":{"line":99,"column":10}},"25":{"start":{"line":98,"column":12},"end":{"line":98,"column":35}},"26":{"start":{"line":102,"column":8},"end":{"line":104,"column":63}},"27":{"start":{"line":105,"column":8},"end":{"line":105,"column":14}},"28":{"start":{"line":112,"column":8},"end":{"line":121,"column":10},"skip":true},"29":{"start":{"line":119,"column":12},"end":{"line":119,"column":55},"skip":true},"30":{"start":{"line":120,"column":12},"end":{"line":120,"column":48},"skip":true},"31":{"start":{"line":123,"column":8},"end":{"line":136,"column":10},"skip":true},"32":{"start":{"line":130,"column":12},"end":{"line":130,"column":76},"skip":true},"33":{"start":{"line":131,"column":12},"end":{"line":131,"column":73},"skip":true},"34":{"start":{"line":132,"column":12},"end":{"line":132,"column":74},"skip":true},"35":{"start":{"line":133,"column":12},"end":{"line":133,"column":79},"skip":true},"36":{"start":{"line":134,"column":12},"end":{"line":134,"column":25},"skip":true},"37":{"start":{"line":135,"column":12},"end":{"line":135,"column":45},"skip":true},"38":{"start":{"line":138,"column":8},"end":{"line":145,"column":14},"skip":true},"39":{"start":{"line":143,"column":16},"end":{"line":143,"column":29},"skip":true},"40":{"start":{"line":144,"column":16},"end":{"line":144,"column":55},"skip":true},"41":{"start":{"line":147,"column":8},"end":{"line":156,"column":10},"skip":true},"42":{"start":{"line":154,"column":12},"end":{"line":154,"column":25},"skip":true},"43":{"start":{"line":155,"column":12},"end":{"line":155,"column":45},"skip":true},"44":{"start":{"line":158,"column":8},"end":{"line":167,"column":10},"skip":true},"45":{"start":{"line":165,"column":12},"end":{"line":165,"column":25},"skip":true},"46":{"start":{"line":166,"column":12},"end":{"line":166,"column":48},"skip":true},"47":{"start":{"line":169,"column":8},"end":{"line":178,"column":10},"skip":true},"48":{"start":{"line":176,"column":12},"end":{"line":176,"column":25},"skip":true},"49":{"start":{"line":177,"column":12},"end":{"line":177,"column":46},"skip":true},"50":{"start":{"line":180,"column":8},"end":{"line":189,"column":10},"skip":true},"51":{"start":{"line":187,"column":12},"end":{"line":187,"column":94},"skip":true},"52":{"start":{"line":188,"column":12},"end":{"line":188,"column":48},"skip":true},"53":{"start":{"line":192,"column":8},"end":{"line":192,"column":35},"skip":true},"54":{"start":{"line":193,"column":8},"end":{"line":193,"column":14},"skip":true}},"branchMap":{"1":{"line":25,"type":"binary-expr","locations":[{"start":{"line":25,"column":23},"end":{"line":25,"column":62}},{"start":{"line":26,"column":20},"end":{"line":26,"column":70}},{"start":{"line":27,"column":20},"end":{"line":27,"column":71}},{"start":{"line":28,"column":20},"end":{"line":28,"column":29}}]},"2":{"line":30,"type":"binary-expr","locations":[{"start":{"line":30,"column":23},"end":{"line":30,"column":37}},{"start":{"line":31,"column":20},"end":{"line":31,"column":61}},{"start":{"line":32,"column":20},"end":{"line":32,"column":70}},{"start":{"line":33,"column":20},"end":{"line":33,"column":26}}]},"3":{"line":37,"type":"cond-expr","locations":[{"start":{"line":38,"column":14},"end":{"line":38,"column":20}},{"start":{"line":39,"column":14},"end":{"line":39,"column":20}}]},"4":{"line":40,"type":"switch","locations":[{"start":{"line":42,"column":8},"end":{"line":47,"column":18}},{"start":{"line":49,"column":8},"end":{"line":52,"column":18}}]},"5":{"line":44,"type":"binary-expr","locations":[{"start":{"line":44,"column":16},"end":{"line":44,"column":44}},{"start":{"line":44,"column":48},"end":{"line":44,"column":66}}]},"6":{"line":50,"type":"binary-expr","locations":[{"start":{"line":50,"column":21},"end":{"line":50,"column":49}},{"start":{"line":50,"column":53},"end":{"line":50,"column":72}}]},"7":{"line":64,"type":"switch","locations":[{"start":{"line":69,"column":4},"end":{"line":70,"column":14}},{"start":{"line":75,"column":4},"end":{"line":76,"column":14}}]},"8":{"line":85,"type":"switch","locations":[{"start":{"line":90,"column":4},"end":{"line":105,"column":14}},{"start":{"line":111,"column":4},"end":{"line":193,"column":14},"skip":true}]},"9":{"line":91,"type":"binary-expr","locations":[{"start":{"line":91,"column":42},"end":{"line":91,"column":73}},{"start":{"line":91,"column":77},"end":{"line":99,"column":9}}]},"10":{"line":102,"type":"binary-expr","locations":[{"start":{"line":102,"column":18},"end":{"line":102,"column":32}},{"start":{"line":103,"column":12},"end":{"line":103,"column":53}},{"start":{"line":104,"column":12},"end":{"line":104,"column":61}}]},"11":{"line":112,"type":"binary-expr","locations":[{"start":{"line":112,"column":45},"end":{"line":112,"column":79},"skip":true},{"start":{"line":112,"column":83},"end":{"line":121,"column":9},"skip":true}]},"12":{"line":123,"type":"binary-expr","locations":[{"start":{"line":123,"column":42},"end":{"line":123,"column":73},"skip":true},{"start":{"line":123,"column":77},"end":{"line":136,"column":9},"skip":true}]},"13":{"line":138,"type":"binary-expr","locations":[{"start":{"line":138,"column":48},"end":{"line":138,"column":85},"skip":true},{"start":{"line":139,"column":12},"end":{"line":145,"column":13},"skip":true}]},"14":{"line":147,"type":"binary-expr","locations":[{"start":{"line":147,"column":42},"end":{"line":147,"column":73},"skip":true},{"start":{"line":147,"column":77},"end":{"line":156,"column":9},"skip":true}]},"15":{"line":158,"type":"binary-expr","locations":[{"start":{"line":158,"column":45},"end":{"line":158,"column":79},"skip":true},{"start":{"line":158,"column":83},"end":{"line":167,"column":9},"skip":true}]},"16":{"line":169,"type":"binary-expr","locations":[{"start":{"line":169,"column":43},"end":{"line":169,"column":75},"skip":true},{"start":{"line":169,"column":79},"end":{"line":178,"column":9},"skip":true}]},"17":{"line":180,"type":"binary-expr","locations":[{"start":{"line":180,"column":41},"end":{"line":180,"column":71},"skip":true},{"start":{"line":180,"column":75},"end":{"line":189,"column":9},"skip":true}]}},"code":["/* istanbul instrument in package npmtest_stylelint_scss */","/*jslint","    bitwise: true,","    browser: true,","    maxerr: 8,","    maxlen: 96,","    node: true,","    nomen: true,","    regexp: true,","    stupid: true","*/","(function () {","    'use strict';","    var local;","","","","    // run shared js-env code - pre-init","    (function () {","        // init local","        local = {};","        // init modeJs","        local.modeJs = (function () {","            try {","                return typeof navigator.userAgent === 'string' &&","                    typeof document.querySelector('body') === 'object' &&","                    typeof XMLHttpRequest.prototype.open === 'function' &&","                    'browser';","            } catch (errorCaughtBrowser) {","                return module.exports &&","                    typeof process.versions.node === 'string' &&","                    typeof require('http').createServer === 'function' &&","                    'node';","            }","        }());","        // init global","        local.global = local.modeJs === 'browser'","            ? window","            : global;","        switch (local.modeJs) {","        // re-init local from window.local","        case 'browser':","            local = local.global.utility2.objectSetDefault(","                local.global.utility2_rollup || local.global.local,","                local.global.utility2","            );","            break;","        // re-init local from example.js","        case 'node':","            local = (local.global.utility2_rollup || require('utility2'))","                .requireExampleJsFromReadme();","            break;","        }","        // export local","        local.global.local = local;","    }());","","","","    // run shared js-env code - function","    (function () {","        return;","    }());","    switch (local.modeJs) {","","","","    // run browser js-env code - function","    case 'browser':","        break;","","","","    // run node js-env code - function","    case 'node':","        break;","    }","","","","    // run shared js-env code - post-init","    (function () {","        return;","    }());","    switch (local.modeJs) {","","","","    // run browser js-env code - post-init","    case 'browser':","        local.testCase_browser_nullCase = local.testCase_browser_nullCase || function (","            options,","            onError","        ) {","        /*","         * this function will test browsers's null-case handling-behavior-behavior","         */","            onError(null, options);","        };","","        // run tests","        local.nop(local.modeTest &&","            document.querySelector('#testRunButton1') &&","            document.querySelector('#testRunButton1').click());","        break;","","","","    // run node js-env code - post-init","    /* istanbul ignore next */","    case 'node':","        local.testCase_buildApidoc_default = local.testCase_buildApidoc_default || function (","            options,","            onError","        ) {","        /*","         * this function will test buildApidoc's default handling-behavior-behavior","         */","            options = { modulePathList: module.paths };","            local.buildApidoc(options, onError);","        };","","        local.testCase_buildApp_default = local.testCase_buildApp_default || function (","            options,","            onError","        ) {","        /*","         * this function will test buildApp's default handling-behavior-behavior","         */","            local.testCase_buildReadme_default(options, local.onErrorThrow);","            local.testCase_buildLib_default(options, local.onErrorThrow);","            local.testCase_buildTest_default(options, local.onErrorThrow);","            local.testCase_buildCustomOrg_default(options, local.onErrorThrow);","            options = [];","            local.buildApp(options, onError);","        };","","        local.testCase_buildCustomOrg_default = local.testCase_buildCustomOrg_default ||","            function (options, onError) {","            /*","             * this function will test buildCustomOrg's default handling-behavior","             */","                options = {};","                local.buildCustomOrg(options, onError);","            };","","        local.testCase_buildLib_default = local.testCase_buildLib_default || function (","            options,","            onError","        ) {","        /*","         * this function will test buildLib's default handling-behavior","         */","            options = {};","            local.buildLib(options, onError);","        };","","        local.testCase_buildReadme_default = local.testCase_buildReadme_default || function (","            options,","            onError","        ) {","        /*","         * this function will test buildReadme's default handling-behavior-behavior","         */","            options = {};","            local.buildReadme(options, onError);","        };","","        local.testCase_buildTest_default = local.testCase_buildTest_default || function (","            options,","            onError","        ) {","        /*","         * this function will test buildTest's default handling-behavior","         */","            options = {};","            local.buildTest(options, onError);","        };","","        local.testCase_webpage_default = local.testCase_webpage_default || function (","            options,","            onError","        ) {","        /*","         * this function will test webpage's default handling-behavior","         */","            options = { modeCoverageMerge: true, url: local.serverLocalHost + '?modeTest=1' };","            local.browserTest(options, onError);","        };","","        // run test-server","        local.testRunServer(local);","        break;","    }","}());",""],"l":{"12":2,"14":2,"19":2,"21":2,"23":2,"24":2,"25":2,"30":1,"37":2,"40":2,"43":1,"47":1,"50":1,"52":1,"55":2,"61":2,"62":2,"64":2,"70":1,"76":1,"82":2,"83":2,"85":2,"91":1,"98":1,"102":1,"105":1,"112":1,"119":1,"120":1,"123":1,"130":1,"131":1,"132":1,"133":1,"134":1,"135":1,"138":1,"143":2,"144":2,"147":1,"154":2,"155":2,"158":1,"165":2,"166":2,"169":1,"176":2,"177":2,"180":1,"187":1,"188":1,"192":1,"193":1}},"/home/travis/build/npmtest/node-npmtest-stylelint-scss/lib.npmtest_stylelint_scss.js":{"path":"/home/travis/build/npmtest/node-npmtest-stylelint-scss/lib.npmtest_stylelint_scss.js","s":{"1":2,"2":2,"3":2,"4":2,"5":2,"6":2,"7":2,"8":1,"9":2,"10":2,"11":2,"12":2,"13":1,"14":1,"15":1,"16":1},"b":{"1":[2,1,1,1],"2":[1,1,1,1],"3":[1,1],"4":[2,2],"5":[1,1]},"f":{"1":2,"2":2,"3":2},"fnMap":{"1":{"name":"(anonymous_1)","line":12,"loc":{"start":{"line":12,"column":1},"end":{"line":12,"column":13}}},"2":{"name":"(anonymous_2)","line":19,"loc":{"start":{"line":19,"column":5},"end":{"line":19,"column":17}}},"3":{"name":"(anonymous_3)","line":23,"loc":{"start":{"line":23,"column":24},"end":{"line":23,"column":36}}}},"statementMap":{"1":{"start":{"line":12,"column":0},"end":{"line":53,"column":5}},"2":{"start":{"line":14,"column":4},"end":{"line":14,"column":14}},"3":{"start":{"line":19,"column":4},"end":{"line":52,"column":9}},"4":{"start":{"line":21,"column":8},"end":{"line":21,"column":19}},"5":{"start":{"line":23,"column":8},"end":{"line":35,"column":13}},"6":{"start":{"line":24,"column":12},"end":{"line":34,"column":13}},"7":{"start":{"line":25,"column":16},"end":{"line":28,"column":30}},"8":{"start":{"line":30,"column":16},"end":{"line":33,"column":27}},"9":{"start":{"line":37,"column":8},"end":{"line":39,"column":21}},"10":{"start":{"line":41,"column":8},"end":{"line":41,"column":54}},"11":{"start":{"line":43,"column":8},"end":{"line":43,"column":59}},"12":{"start":{"line":45,"column":8},"end":{"line":51,"column":9}},"13":{"start":{"line":46,"column":12},"end":{"line":46,"column":65}},"14":{"start":{"line":48,"column":12},"end":{"line":48,"column":35}},"15":{"start":{"line":49,"column":12},"end":{"line":49,"column":49}},"16":{"start":{"line":50,"column":12},"end":{"line":50,"column":43}}},"branchMap":{"1":{"line":25,"type":"binary-expr","locations":[{"start":{"line":25,"column":23},"end":{"line":25,"column":62}},{"start":{"line":26,"column":20},"end":{"line":26,"column":70}},{"start":{"line":27,"column":20},"end":{"line":27,"column":71}},{"start":{"line":28,"column":20},"end":{"line":28,"column":29}}]},"2":{"line":30,"type":"binary-expr","locations":[{"start":{"line":30,"column":23},"end":{"line":30,"column":37}},{"start":{"line":31,"column":20},"end":{"line":31,"column":61}},{"start":{"line":32,"column":20},"end":{"line":32,"column":70}},{"start":{"line":33,"column":20},"end":{"line":33,"column":26}}]},"3":{"line":37,"type":"cond-expr","locations":[{"start":{"line":38,"column":14},"end":{"line":38,"column":20}},{"start":{"line":39,"column":14},"end":{"line":39,"column":20}}]},"4":{"line":41,"type":"binary-expr","locations":[{"start":{"line":41,"column":16},"end":{"line":41,"column":44}},{"start":{"line":41,"column":48},"end":{"line":41,"column":53}}]},"5":{"line":45,"type":"if","locations":[{"start":{"line":45,"column":8},"end":{"line":45,"column":8}},{"start":{"line":45,"column":8},"end":{"line":45,"column":8}}]}},"code":["/* istanbul instrument in package npmtest_stylelint_scss */","/*jslint","    bitwise: true,","    browser: true,","    maxerr: 8,","    maxlen: 96,","    node: true,","    nomen: true,","    regexp: true,","    stupid: true","*/","(function () {","    'use strict';","    var local;","","","","    // run shared js-env code - pre-init","    (function () {","        // init local","        local = {};","        // init modeJs","        local.modeJs = (function () {","            try {","                return typeof navigator.userAgent === 'string' &&","                    typeof document.querySelector('body') === 'object' &&","                    typeof XMLHttpRequest.prototype.open === 'function' &&","                    'browser';","            } catch (errorCaughtBrowser) {","                return module.exports &&","                    typeof process.versions.node === 'string' &&","                    typeof require('http').createServer === 'function' &&","                    'node';","            }","        }());","        // init global","        local.global = local.modeJs === 'browser'","            ? window","            : global;","        // init utility2_rollup","        local = local.global.utility2_rollup || local;","        // init lib","        local.local = local.npmtest_stylelint_scss = local;","        // init exports","        if (local.modeJs === 'browser') {","            local.global.utility2_npmtest_stylelint_scss = local;","        } else {","            module.exports = local;","            module.exports.__dirname = __dirname;","            module.exports.module = module;","        }","    }());","}());",""],"l":{"12":2,"14":2,"19":2,"21":2,"23":2,"24":2,"25":2,"30":1,"37":2,"41":2,"43":2,"45":2,"46":1,"48":1,"49":1,"50":1}},"/home/travis/build/npmtest/node-npmtest-stylelint-scss/example.js":{"path":"/home/travis/build/npmtest/node-npmtest-stylelint-scss/example.js","s":{"1":2,"2":2,"3":2,"4":2,"5":2,"6":2,"7":2,"8":1,"9":2,"10":2,"11":2,"12":2,"13":1,"14":2,"15":2,"16":2,"17":2,"18":2,"19":0,"20":2,"21":1,"22":1,"23":1,"24":1,"25":1,"26":0,"27":0,"28":1,"29":1,"30":2,"31":0,"32":0,"33":0,"34":1,"35":2,"36":2,"37":3,"38":3,"39":3,"40":3,"41":0,"42":3,"43":3,"44":3,"45":1,"46":3,"47":1,"48":1,"49":1,"50":1,"51":1,"52":1,"53":1,"54":1,"55":1,"56":1,"57":0,"58":1,"59":6,"60":6,"61":1,"62":2,"63":0,"64":2,"65":1,"66":1,"67":0,"68":0,"69":0,"70":0,"71":0,"72":0,"73":0,"74":0,"75":0,"76":0,"77":0,"78":0,"79":0,"80":0,"81":0,"82":0,"83":0},"b":{"1":[2,1,1,1],"2":[1,1,1,1],"3":[1,1],"4":[2,2],"5":[1,1],"6":[1,1],"7":[2,0],"8":[2,1,1,1,1,1],"9":[0,2,0],"10":[1,1],"11":[2,1,1],"12":[1,0],"13":[0,2],"14":[2,0,0,0,0,0,0],"15":[0,3],"16":[3,0],"17":[1,1],"18":[0,1],"19":[1,2,0,2],"20":[1,0],"21":[1,1],"22":[0,0],"23":[0,0],"24":[0,0],"25":[0,0],"26":[0,0],"27":[0,0],"28":[0,0]},"f":{"1":2,"2":2,"3":2,"4":2,"5":2,"6":2,"7":3,"8":3,"9":3,"10":1,"11":6,"12":0},"fnMap":{"1":{"name":"(anonymous_1)","line":26,"loc":{"start":{"line":26,"column":1},"end":{"line":26,"column":13}}},"2":{"name":"(anonymous_2)","line":33,"loc":{"start":{"line":33,"column":5},"end":{"line":33,"column":17}}},"3":{"name":"(anonymous_3)","line":37,"loc":{"start":{"line":37,"column":24},"end":{"line":37,"column":36}}},"4":{"name":"(anonymous_4)","line":69,"loc":{"start":{"line":69,"column":31},"end":{"line":69,"column":48}},"skip":true},"5":{"name":"(anonymous_5)","line":78,"loc":{"start":{"line":78,"column":26},"end":{"line":78,"column":45}},"skip":true},"6":{"name":"(anonymous_6)","line":123,"loc":{"start":{"line":123,"column":33},"end":{"line":123,"column":48}},"skip":true},"7":{"name":"(anonymous_7)","line":125,"loc":{"start":{"line":125,"column":27},"end":{"line":125,"column":39}},"skip":true},"8":{"name":"(anonymous_8)","line":133,"loc":{"start":{"line":133,"column":59},"end":{"line":133,"column":74}},"skip":true},"9":{"name":"(anonymous_9)","line":143,"loc":{"start":{"line":143,"column":45},"end":{"line":143,"column":62}},"skip":true},"10":{"name":"(anonymous_10)","line":144,"loc":{"start":{"line":144,"column":73},"end":{"line":144,"column":92}},"skip":true},"11":{"name":"(anonymous_11)","line":272,"loc":{"start":{"line":272,"column":51},"end":{"line":272,"column":77}},"skip":true},"12":{"name":"(anonymous_12)","line":315,"loc":{"start":{"line":315,"column":32},"end":{"line":315,"column":61}},"skip":true}},"statementMap":{"1":{"start":{"line":26,"column":0},"end":{"line":326,"column":5}},"2":{"start":{"line":28,"column":4},"end":{"line":28,"column":14}},"3":{"start":{"line":33,"column":4},"end":{"line":60,"column":9}},"4":{"start":{"line":35,"column":8},"end":{"line":35,"column":19}},"5":{"start":{"line":37,"column":8},"end":{"line":49,"column":13}},"6":{"start":{"line":38,"column":12},"end":{"line":48,"column":13}},"7":{"start":{"line":39,"column":16},"end":{"line":42,"column":30}},"8":{"start":{"line":44,"column":16},"end":{"line":47,"column":27}},"9":{"start":{"line":51,"column":8},"end":{"line":53,"column":21}},"10":{"start":{"line":55,"column":8},"end":{"line":57,"column":45}},"11":{"start":{"line":59,"column":8},"end":{"line":59,"column":35}},"12":{"start":{"line":61,"column":4},"end":{"line":325,"column":5}},"13":{"start":{"line":69,"column":8},"end":{"line":121,"column":10},"skip":true},"14":{"start":{"line":70,"column":12},"end":{"line":88,"column":13},"skip":true},"15":{"start":{"line":76,"column":16},"end":{"line":87,"column":19},"skip":true},"16":{"start":{"line":79,"column":20},"end":{"line":86,"column":21},"skip":true},"17":{"start":{"line":82,"column":24},"end":{"line":82,"column":43},"skip":true},"18":{"start":{"line":83,"column":24},"end":{"line":83,"column":30},"skip":true},"19":{"start":{"line":85,"column":24},"end":{"line":85,"column":49},"skip":true},"20":{"start":{"line":89,"column":12},"end":{"line":107,"column":13},"skip":true},"21":{"start":{"line":92,"column":16},"end":{"line":102,"column":17},"skip":true},"22":{"start":{"line":93,"column":20},"end":{"line":93,"column":86},"skip":true},"23":{"start":{"line":94,"column":20},"end":{"line":95,"column":45},"skip":true},"24":{"start":{"line":96,"column":20},"end":{"line":96,"column":42},"skip":true},"25":{"start":{"line":97,"column":20},"end":{"line":97,"column":48},"skip":true},"26":{"start":{"line":100,"column":20},"end":{"line":100,"column":85},"skip":true},"27":{"start":{"line":101,"column":20},"end":{"line":101,"column":96},"skip":true},"28":{"start":{"line":103,"column":16},"end":{"line":103,"column":22},"skip":true},"29":{"start":{"line":106,"column":16},"end":{"line":106,"column":22},"skip":true},"30":{"start":{"line":108,"column":12},"end":{"line":120,"column":13},"skip":true},"31":{"start":{"line":114,"column":16},"end":{"line":119,"column":17},"skip":true},"32":{"start":{"line":116,"column":20},"end":{"line":116,"column":78},"skip":true},"33":{"start":{"line":118,"column":20},"end":{"line":118,"column":47},"skip":true},"34":{"start":{"line":123,"column":8},"end":{"line":141,"column":11},"skip":true},"35":{"start":{"line":124,"column":12},"end":{"line":124,"column":54},"skip":true},"36":{"start":{"line":125,"column":12},"end":{"line":140,"column":14},"skip":true},"37":{"start":{"line":126,"column":16},"end":{"line":126,"column":28},"skip":true},"38":{"start":{"line":127,"column":16},"end":{"line":127,"column":69},"skip":true},"39":{"start":{"line":128,"column":16},"end":{"line":128,"column":75},"skip":true},"40":{"start":{"line":129,"column":16},"end":{"line":131,"column":17},"skip":true},"41":{"start":{"line":130,"column":20},"end":{"line":130,"column":27},"skip":true},"42":{"start":{"line":133,"column":16},"end":{"line":137,"column":36},"skip":true},"43":{"start":{"line":134,"column":20},"end":{"line":136,"column":55},"skip":true},"44":{"start":{"line":139,"column":16},"end":{"line":139,"column":57},"skip":true},"45":{"start":{"line":143,"column":8},"end":{"line":147,"column":11},"skip":true},"46":{"start":{"line":144,"column":12},"end":{"line":146,"column":15},"skip":true},"47":{"start":{"line":145,"column":16},"end":{"line":145,"column":70},"skip":true},"48":{"start":{"line":149,"column":8},"end":{"line":149,"column":31},"skip":true},"49":{"start":{"line":150,"column":8},"end":{"line":150,"column":14},"skip":true},"50":{"start":{"line":158,"column":8},"end":{"line":158,"column":31},"skip":true},"51":{"start":{"line":160,"column":8},"end":{"line":160,"column":33},"skip":true},"52":{"start":{"line":161,"column":8},"end":{"line":161,"column":37},"skip":true},"53":{"start":{"line":162,"column":8},"end":{"line":162,"column":35},"skip":true},"54":{"start":{"line":164,"column":8},"end":{"line":164,"column":50},"skip":true},"55":{"start":{"line":166,"column":8},"end":{"line":256,"column":2},"skip":true},"56":{"start":{"line":258,"column":8},"end":{"line":286,"column":9},"skip":true},"57":{"start":{"line":259,"column":12},"end":{"line":269,"column":14},"skip":true},"58":{"start":{"line":271,"column":12},"end":{"line":285,"column":19},"skip":true},"59":{"start":{"line":274,"column":20},"end":{"line":274,"column":35},"skip":true},"60":{"start":{"line":275,"column":20},"end":{"line":284,"column":21},"skip":true},"61":{"start":{"line":277,"column":24},"end":{"line":277,"column":64},"skip":true},"62":{"start":{"line":279,"column":24},"end":{"line":279,"column":40},"skip":true},"63":{"start":{"line":281,"column":24},"end":{"line":281,"column":40},"skip":true},"64":{"start":{"line":283,"column":24},"end":{"line":283,"column":39},"skip":true},"65":{"start":{"line":288,"column":8},"end":{"line":290,"column":9},"skip":true},"66":{"start":{"line":289,"column":12},"end":{"line":289,"column":18},"skip":true},"67":{"start":{"line":291,"column":8},"end":{"line":293,"column":54},"skip":true},"68":{"start":{"line":296,"column":8},"end":{"line":301,"column":37},"skip":true},"69":{"start":{"line":303,"column":8},"end":{"line":303,"column":82},"skip":true},"70":{"start":{"line":306,"column":8},"end":{"line":308,"column":9},"skip":true},"71":{"start":{"line":307,"column":12},"end":{"line":307,"column":82},"skip":true},"72":{"start":{"line":310,"column":8},"end":{"line":312,"column":9},"skip":true},"73":{"start":{"line":311,"column":12},"end":{"line":311,"column":18},"skip":true},"74":{"start":{"line":313,"column":8},"end":{"line":313,"column":54},"skip":true},"75":{"start":{"line":314,"column":8},"end":{"line":314,"column":69},"skip":true},"76":{"start":{"line":315,"column":8},"end":{"line":323,"column":36},"skip":true},"77":{"start":{"line":316,"column":12},"end":{"line":316,"column":61},"skip":true},"78":{"start":{"line":317,"column":12},"end":{"line":320,"column":13},"skip":true},"79":{"start":{"line":318,"column":16},"end":{"line":318,"column":75},"skip":true},"80":{"start":{"line":319,"column":16},"end":{"line":319,"column":23},"skip":true},"81":{"start":{"line":321,"column":12},"end":{"line":321,"column":38},"skip":true},"82":{"start":{"line":322,"column":12},"end":{"line":322,"column":27},"skip":true},"83":{"start":{"line":324,"column":8},"end":{"line":324,"column":14},"skip":true}},"branchMap":{"1":{"line":39,"type":"binary-expr","locations":[{"start":{"line":39,"column":23},"end":{"line":39,"column":62}},{"start":{"line":40,"column":20},"end":{"line":40,"column":70}},{"start":{"line":41,"column":20},"end":{"line":41,"column":71}},{"start":{"line":42,"column":20},"end":{"line":42,"column":29}}]},"2":{"line":44,"type":"binary-expr","locations":[{"start":{"line":44,"column":23},"end":{"line":44,"column":37}},{"start":{"line":45,"column":20},"end":{"line":45,"column":61}},{"start":{"line":46,"column":20},"end":{"line":46,"column":70}},{"start":{"line":47,"column":20},"end":{"line":47,"column":26}}]},"3":{"line":51,"type":"cond-expr","locations":[{"start":{"line":52,"column":14},"end":{"line":52,"column":20}},{"start":{"line":53,"column":14},"end":{"line":53,"column":20}}]},"4":{"line":55,"type":"binary-expr","locations":[{"start":{"line":55,"column":16},"end":{"line":55,"column":44}},{"start":{"line":55,"column":49},"end":{"line":57,"column":43}}]},"5":{"line":55,"type":"cond-expr","locations":[{"start":{"line":56,"column":14},"end":{"line":56,"column":58}},{"start":{"line":57,"column":14},"end":{"line":57,"column":43}}]},"6":{"line":61,"type":"switch","locations":[{"start":{"line":68,"column":4},"end":{"line":150,"column":14},"skip":true},{"start":{"line":156,"column":4},"end":{"line":324,"column":14},"skip":true}]},"7":{"line":70,"type":"if","locations":[{"start":{"line":70,"column":12},"end":{"line":70,"column":12},"skip":true},{"start":{"line":70,"column":12},"end":{"line":70,"column":12},"skip":true}]},"8":{"line":70,"type":"binary-expr","locations":[{"start":{"line":70,"column":16},"end":{"line":70,"column":22},"skip":true},{"start":{"line":70,"column":27},"end":{"line":70,"column":32},"skip":true},{"start":{"line":71,"column":20},"end":{"line":71,"column":39},"skip":true},{"start":{"line":72,"column":20},"end":{"line":72,"column":49},"skip":true},{"start":{"line":73,"column":20},"end":{"line":73,"column":58},"skip":true},{"start":{"line":74,"column":20},"end":{"line":74,"column":69},"skip":true}]},"9":{"line":79,"type":"switch","locations":[{"start":{"line":80,"column":20},"end":{"line":80,"column":33},"skip":true},{"start":{"line":81,"column":20},"end":{"line":83,"column":30},"skip":true},{"start":{"line":84,"column":20},"end":{"line":85,"column":49},"skip":true}]},"10":{"line":89,"type":"switch","locations":[{"start":{"line":90,"column":12},"end":{"line":103,"column":22},"skip":true},{"start":{"line":105,"column":12},"end":{"line":106,"column":22},"skip":true}]},"11":{"line":89,"type":"binary-expr","locations":[{"start":{"line":89,"column":20},"end":{"line":89,"column":25},"skip":true},{"start":{"line":89,"column":29},"end":{"line":89,"column":48},"skip":true},{"start":{"line":89,"column":52},"end":{"line":89,"column":74},"skip":true}]},"12":{"line":92,"type":"if","locations":[{"start":{"line":92,"column":16},"end":{"line":92,"column":16},"skip":true},{"start":{"line":92,"column":16},"end":{"line":92,"column":16},"skip":true}]},"13":{"line":108,"type":"if","locations":[{"start":{"line":108,"column":12},"end":{"line":108,"column":12},"skip":true},{"start":{"line":108,"column":12},"end":{"line":108,"column":12},"skip":true}]},"14":{"line":108,"type":"binary-expr","locations":[{"start":{"line":108,"column":16},"end":{"line":108,"column":61},"skip":true},{"start":{"line":108,"column":66},"end":{"line":108,"column":72},"skip":true},{"start":{"line":108,"column":77},"end":{"line":108,"column":82},"skip":true},{"start":{"line":109,"column":20},"end":{"line":109,"column":39},"skip":true},{"start":{"line":110,"column":20},"end":{"line":110,"column":49},"skip":true},{"start":{"line":111,"column":20},"end":{"line":111,"column":58},"skip":true},{"start":{"line":112,"column":20},"end":{"line":112,"column":68},"skip":true}]},"15":{"line":129,"type":"if","locations":[{"start":{"line":129,"column":16},"end":{"line":129,"column":16},"skip":true},{"start":{"line":129,"column":16},"end":{"line":129,"column":16},"skip":true}]},"16":{"line":134,"type":"cond-expr","locations":[{"start":{"line":135,"column":26},"end":{"line":135,"column":29},"skip":true},{"start":{"line":136,"column":26},"end":{"line":136,"column":54},"skip":true}]},"17":{"line":164,"type":"binary-expr","locations":[{"start":{"line":164,"column":27},"end":{"line":164,"column":43},"skip":true},{"start":{"line":164,"column":47},"end":{"line":164,"column":49},"skip":true}]},"18":{"line":258,"type":"if","locations":[{"start":{"line":258,"column":8},"end":{"line":258,"column":8},"skip":true},{"start":{"line":258,"column":8},"end":{"line":258,"column":8},"skip":true}]},"19":{"line":275,"type":"switch","locations":[{"start":{"line":276,"column":20},"end":{"line":277,"column":64},"skip":true},{"start":{"line":278,"column":20},"end":{"line":279,"column":40},"skip":true},{"start":{"line":280,"column":20},"end":{"line":281,"column":40},"skip":true},{"start":{"line":282,"column":20},"end":{"line":283,"column":39},"skip":true}]},"20":{"line":288,"type":"if","locations":[{"start":{"line":288,"column":8},"end":{"line":288,"column":8},"skip":true},{"start":{"line":288,"column":8},"end":{"line":288,"column":8},"skip":true}]},"21":{"line":288,"type":"binary-expr","locations":[{"start":{"line":288,"column":12},"end":{"line":288,"column":40},"skip":true},{"start":{"line":288,"column":44},"end":{"line":288,"column":67},"skip":true}]},"22":{"line":292,"type":"binary-expr","locations":[{"start":{"line":292,"column":12},"end":{"line":292,"column":50},"skip":true},{"start":{"line":293,"column":12},"end":{"line":293,"column":53},"skip":true}]},"23":{"line":297,"type":"binary-expr","locations":[{"start":{"line":297,"column":12},"end":{"line":297,"column":72},"skip":true},{"start":{"line":298,"column":12},"end":{"line":301,"column":36},"skip":true}]},"24":{"line":303,"type":"binary-expr","locations":[{"start":{"line":303,"column":43},"end":{"line":303,"column":75},"skip":true},{"start":{"line":303,"column":79},"end":{"line":303,"column":81},"skip":true}]},"25":{"line":306,"type":"if","locations":[{"start":{"line":306,"column":8},"end":{"line":306,"column":8},"skip":true},{"start":{"line":306,"column":8},"end":{"line":306,"column":8},"skip":true}]},"26":{"line":310,"type":"if","locations":[{"start":{"line":310,"column":8},"end":{"line":310,"column":8},"skip":true},{"start":{"line":310,"column":8},"end":{"line":310,"column":8},"skip":true}]},"27":{"line":313,"type":"binary-expr","locations":[{"start":{"line":313,"column":27},"end":{"line":313,"column":43},"skip":true},{"start":{"line":313,"column":47},"end":{"line":313,"column":53},"skip":true}]},"28":{"line":317,"type":"if","locations":[{"start":{"line":317,"column":12},"end":{"line":317,"column":12},"skip":true},{"start":{"line":317,"column":12},"end":{"line":317,"column":12},"skip":true}]}},"code":["/*","example.js","","quickstart example","","instruction","    1. save this script as example.js","    2. run the shell command:","        $ npm install npmtest-stylelint-scss && PORT=8081 node example.js","    3. play with the browser-demo on http://127.0.0.1:8081","*/","","","","/* istanbul instrument in package npmtest_stylelint_scss */","/*jslint","    bitwise: true,","    browser: true,","    maxerr: 8,","    maxlen: 96,","    node: true,","    nomen: true,","    regexp: true,","    stupid: true","*/","(function () {","    'use strict';","    var local;","","","","    // run shared js-env code - pre-init","    (function () {","        // init local","        local = {};","        // init modeJs","        local.modeJs = (function () {","            try {","                return typeof navigator.userAgent === 'string' &&","                    typeof document.querySelector('body') === 'object' &&","                    typeof XMLHttpRequest.prototype.open === 'function' &&","                    'browser';","            } catch (errorCaughtBrowser) {","                return module.exports &&","                    typeof process.versions.node === 'string' &&","                    typeof require('http').createServer === 'function' &&","                    'node';","            }","        }());","        // init global","        local.global = local.modeJs === 'browser'","            ? window","            : global;","        // init utility2_rollup","        local = local.global.utility2_rollup || (local.modeJs === 'browser'","            ? local.global.utility2_npmtest_stylelint_scss","            : global.utility2_moduleExports);","        // export local","        local.global.local = local;","    }());","    switch (local.modeJs) {","","","","    // post-init","    // run browser js-env code - post-init","    /* istanbul ignore next */","    case 'browser':","        local.testRunBrowser = function (event) {","            if (!event || (event &&","                    event.currentTarget &&","                    event.currentTarget.className &&","                    event.currentTarget.className.includes &&","                    event.currentTarget.className.includes('onreset'))) {","                // reset output","                Array.from(","                    document.querySelectorAll('body > .resettable')","                ).forEach(function (element) {","                    switch (element.tagName) {","                    case 'INPUT':","                    case 'TEXTAREA':","                        element.value = '';","                        break;","                    default:","                        element.textContent = '';","                    }","                });","            }","            switch (event && event.currentTarget && event.currentTarget.id) {","            case 'testRunButton1':","                // show tests","                if (document.querySelector('#testReportDiv1').style.display === 'none') {","                    document.querySelector('#testReportDiv1').style.display = 'block';","                    document.querySelector('#testRunButton1').textContent =","                        'hide internal test';","                    local.modeTest = true;","                    local.testRunDefault(local);","                // hide tests","                } else {","                    document.querySelector('#testReportDiv1').style.display = 'none';","                    document.querySelector('#testRunButton1').textContent = 'run internal test';","                }","                break;","            // custom-case","            default:","                break;","            }","            if (document.querySelector('#inputTextareaEval1') && (!event || (event &&","                    event.currentTarget &&","                    event.currentTarget.className &&","                    event.currentTarget.className.includes &&","                    event.currentTarget.className.includes('oneval')))) {","                // try to eval input-code","                try {","                    /*jslint evil: true*/","                    eval(document.querySelector('#inputTextareaEval1').value);","                } catch (errorCaught) {","                    console.error(errorCaught);","                }","            }","        };","        // log stderr and stdout to #outputTextareaStdout1","        ['error', 'log'].forEach(function (key) {","            console[key + '_original'] = console[key];","            console[key] = function () {","                var element;","                console[key + '_original'].apply(console, arguments);","                element = document.querySelector('#outputTextareaStdout1');","                if (!element) {","                    return;","                }","                // append text to #outputTextareaStdout1","                element.value += Array.from(arguments).map(function (arg) {","                    return typeof arg === 'string'","                        ? arg","                        : JSON.stringify(arg, null, 4);","                }).join(' ') + '\\n';","                // scroll textarea to bottom","                element.scrollTop = element.scrollHeight;","            };","        });","        // init event-handling","        ['change', 'click', 'keyup'].forEach(function (event) {","            Array.from(document.querySelectorAll('.on' + event)).forEach(function (element) {","                element.addEventListener(event, local.testRunBrowser);","            });","        });","        // run tests","        local.testRunBrowser();","        break;","","","","    // run node js-env code - post-init","    /* istanbul ignore next */","    case 'node':","        // export local","        module.exports = local;","        // require modules","        local.fs = require('fs');","        local.http = require('http');","        local.url = require('url');","        // init assets","        local.assetsDict = local.assetsDict || {};","        /* jslint-ignore-begin */","        local.assetsDict['/assets.index.template.html'] = '\\","<!doctype html>\\n\\","<html lang=\"en\">\\n\\","<head>\\n\\","<meta charset=\"UTF-8\">\\n\\","<meta name=\"viewport\" content=\"width=device-width, initial-scale=1\">\\n\\","<title>{{env.npm_package_name}} (v{{env.npm_package_version}})</title>\\n\\","<style>\\n\\","/*csslint\\n\\","    box-sizing: false,\\n\\","    universal-selector: false\\n\\","*/\\n\\","* {\\n\\","    box-sizing: border-box;\\n\\","}\\n\\","body {\\n\\","    background: #dde;\\n\\","    font-family: Arial, Helvetica, sans-serif;\\n\\","    margin: 2rem;\\n\\","}\\n\\","body > * {\\n\\","    margin-bottom: 1rem;\\n\\","}\\n\\",".utility2FooterDiv {\\n\\","    margin-top: 20px;\\n\\","    text-align: center;\\n\\","}\\n\\","</style>\\n\\","<style>\\n\\","/*csslint\\n\\","*/\\n\\","textarea {\\n\\","    font-family: monospace;\\n\\","    height: 10rem;\\n\\","    width: 100%;\\n\\","}\\n\\","textarea[readonly] {\\n\\","    background: #ddd;\\n\\","}\\n\\","</style>\\n\\","</head>\\n\\","<body>\\n\\","<!-- utility2-comment\\n\\","<div id=\"ajaxProgressDiv1\" style=\"background: #d00; height: 2px; left: 0; margin: 0; padding: 0; position: fixed; top: 0; transition: background 0.5s, width 1.5s; width: 25%;\"></div>\\n\\","utility2-comment -->\\n\\","<h1>\\n\\","<!-- utility2-comment\\n\\","    <a\\n\\","        {{#if env.npm_package_homepage}}\\n\\","        href=\"{{env.npm_package_homepage}}\"\\n\\","        {{/if env.npm_package_homepage}}\\n\\","        target=\"_blank\"\\n\\","    >\\n\\","utility2-comment -->\\n\\","        {{env.npm_package_name}} (v{{env.npm_package_version}})\\n\\","<!-- utility2-comment\\n\\","    </a>\\n\\","utility2-comment -->\\n\\","</h1>\\n\\","<h3>{{env.npm_package_description}}</h3>\\n\\","<!-- utility2-comment\\n\\","<h4><a download href=\"assets.app.js\">download standalone app</a></h4>\\n\\","<button class=\"onclick onreset\" id=\"testRunButton1\">run internal test</button><br>\\n\\","<div id=\"testReportDiv1\" style=\"display: none;\"></div>\\n\\","utility2-comment -->\\n\\","\\n\\","\\n\\","\\n\\","<label>stderr and stdout</label>\\n\\","<textarea class=\"resettable\" id=\"outputTextareaStdout1\" readonly></textarea>\\n\\","<!-- utility2-comment\\n\\","{{#if isRollup}}\\n\\","<script src=\"assets.app.js\"></script>\\n\\","{{#unless isRollup}}\\n\\","utility2-comment -->\\n\\","<script src=\"assets.utility2.rollup.js\"></script>\\n\\","<script src=\"jsonp.utility2._stateInit?callback=window.utility2._stateInit\"></script>\\n\\","<script src=\"assets.npmtest_stylelint_scss.rollup.js\"></script>\\n\\","<script src=\"assets.example.js\"></script>\\n\\","<script src=\"assets.test.js\"></script>\\n\\","<!-- utility2-comment\\n\\","{{/if isRollup}}\\n\\","utility2-comment -->\\n\\","<div class=\"utility2FooterDiv\">\\n\\","    [ this app was created with\\n\\","    <a href=\"https://github.com/kaizhu256/node-utility2\" target=\"_blank\">utility2</a>\\n\\","    ]\\n\\","</div>\\n\\","</body>\\n\\","</html>\\n\\","';","        /* jslint-ignore-end */","        if (local.templateRender) {","            local.assetsDict['/'] = local.templateRender(","                local.assetsDict['/assets.index.template.html'],","                {","                    env: local.objectSetDefault(local.env, {","                        npm_package_description: 'the greatest app in the world!',","                        npm_package_name: 'my-app',","                        npm_package_nameAlias: 'my_app',","                        npm_package_version: '0.0.1'","                    })","                }","            );","        } else {","            local.assetsDict['/'] = local.assetsDict['/assets.index.template.html']","                .replace((/\\{\\{env\\.(\\w+?)\\}\\}/g), function (match0, match1) {","                    // jslint-hack","                    String(match0);","                    switch (match1) {","                    case 'npm_package_description':","                        return 'the greatest app in the world!';","                    case 'npm_package_name':","                        return 'my-app';","                    case 'npm_package_nameAlias':","                        return 'my_app';","                    case 'npm_package_version':","                        return '0.0.1';","                    }","                });","        }","        // run the cli","        if (local.global.utility2_rollup || module !== require.main) {","            break;","        }","        local.assetsDict['/assets.example.js'] =","            local.assetsDict['/assets.example.js'] ||","            local.fs.readFileSync(__filename, 'utf8');","        // bug-workaround - long $npm_package_buildCustomOrg","        /* jslint-ignore-begin */","        local.assetsDict['/assets.npmtest_stylelint_scss.rollup.js'] =","            local.assetsDict['/assets.npmtest_stylelint_scss.rollup.js'] ||","            local.fs.readFileSync(","                local.npmtest_stylelint_scss.__dirname + '/lib.npmtest_stylelint_scss.js',","                'utf8'","            ).replace((/^#!/), '//');","        /* jslint-ignore-end */","        local.assetsDict['/favicon.ico'] = local.assetsDict['/favicon.ico'] || '';","        // if $npm_config_timeout_exit exists,","        // then exit this process after $npm_config_timeout_exit ms","        if (Number(process.env.npm_config_timeout_exit)) {","            setTimeout(process.exit, Number(process.env.npm_config_timeout_exit));","        }","        // start server","        if (local.global.utility2_serverHttp1) {","            break;","        }","        process.env.PORT = process.env.PORT || '8081';","        console.error('server starting on port ' + process.env.PORT);","        local.http.createServer(function (request, response) {","            request.urlParsed = local.url.parse(request.url);","            if (local.assetsDict[request.urlParsed.pathname] !== undefined) {","                response.end(local.assetsDict[request.urlParsed.pathname]);","                return;","            }","            response.statusCode = 404;","            response.end();","        }).listen(process.env.PORT);","        break;","    }","}());",""],"l":{"26":2,"28":2,"33":2,"35":2,"37":2,"38":2,"39":2,"44":1,"51":2,"55":2,"59":2,"61":2,"69":1,"70":2,"76":2,"79":2,"82":2,"83":2,"85":1,"89":2,"92":1,"93":1,"94":1,"96":1,"97":1,"100":1,"101":1,"103":1,"106":1,"108":2,"114":1,"116":1,"118":1,"123":1,"124":2,"125":2,"126":3,"127":3,"128":3,"129":3,"130":1,"133":3,"134":3,"139":3,"143":1,"144":3,"145":1,"149":1,"150":1,"158":1,"160":1,"161":1,"162":1,"164":1,"166":1,"258":1,"259":1,"271":1,"274":6,"275":6,"277":1,"279":2,"281":1,"283":2,"288":1,"289":1,"291":1,"296":1,"303":1,"306":1,"307":1,"310":1,"311":1,"313":1,"314":1,"315":1,"316":1,"317":1,"318":1,"319":1,"321":1,"322":1,"324":1}},"/home/travis/build/npmtest/node-npmtest-stylelint-scss/node_modules/stylelint-scss/dist/index.js":{"path":"/home/travis/build/npmtest/node-npmtest-stylelint-scss/node_modules/stylelint-scss/dist/index.js","s":{"1":1,"2":1,"3":1,"4":1,"5":1,"6":1,"7":1,"8":1,"9":32,"10":1},"b":{"1":[1,0],"2":[1,1]},"f":{"1":1,"2":32},"fnMap":{"1":{"name":"_interopRequireDefault","line":15,"loc":{"start":{"line":15,"column":0},"end":{"line":15,"column":37}}},"2":{"name":"(anonymous_2)","line":17,"loc":{"start":{"line":17,"column":52},"end":{"line":17,"column":72}}}},"statementMap":{"1":{"start":{"line":3,"column":0},"end":{"line":5,"column":3}},"2":{"start":{"line":7,"column":0},"end":{"line":7,"column":38}},"3":{"start":{"line":9,"column":0},"end":{"line":9,"column":32}},"4":{"start":{"line":11,"column":0},"end":{"line":11,"column":32}},"5":{"start":{"line":13,"column":0},"end":{"line":13,"column":45}},"6":{"start":{"line":15,"column":0},"end":{"line":15,"column":95}},"7":{"start":{"line":15,"column":39},"end":{"line":15,"column":93}},"8":{"start":{"line":17,"column":0},"end":{"line":19,"column":3}},"9":{"start":{"line":18,"column":2},"end":{"line":18,"column":98}},"10":{"start":{"line":21,"column":0},"end":{"line":21,"column":31}}},"branchMap":{"1":{"line":15,"type":"cond-expr","locations":[{"start":{"line":15,"column":70},"end":{"line":15,"column":73}},{"start":{"line":15,"column":76},"end":{"line":15,"column":92}}]},"2":{"line":15,"type":"binary-expr","locations":[{"start":{"line":15,"column":46},"end":{"line":15,"column":49}},{"start":{"line":15,"column":53},"end":{"line":15,"column":67}}]}},"code":["\"use strict\";","","Object.defineProperty(exports, \"__esModule\", {","  value: true","});","","var _stylelint = require(\"stylelint\");","","var _utils = require(\"./utils\");","","var _rules = require(\"./rules\");","","var _rules2 = _interopRequireDefault(_rules);","","function _interopRequireDefault(obj) { return obj && obj.__esModule ? obj : { default: obj }; }","","var rulesPlugins = Object.keys(_rules2.default).map(function (ruleName) {","  return (0, _stylelint.createPlugin)((0, _utils.namespace)(ruleName), _rules2.default[ruleName]);","});","","exports.default = rulesPlugins;"],"l":{"3":1,"7":1,"9":1,"11":1,"13":1,"15":1,"17":1,"18":32,"21":1}},"/home/travis/build/npmtest/node-npmtest-stylelint-scss/node_modules/stylelint-scss/dist/utils/index.js":{"path":"/home/travis/build/npmtest/node-npmtest-stylelint-scss/node_modules/stylelint-scss/dist/utils/index.js","s":{"1":1,"2":1,"3":1,"4":0,"5":1,"6":1,"7":0,"8":1,"9":1,"10":0,"11":1,"12":1,"13":0,"14":1,"15":1,"16":0,"17":1,"18":1,"19":0,"20":1,"21":1,"22":0,"23":1,"24":1,"25":0,"26":1,"27":1,"28":0,"29":1,"30":1,"31":0,"32":1,"33":1,"34":0,"35":1,"36":1,"37":0,"38":1,"39":1,"40":0,"41":1,"42":1,"43":0,"44":1,"45":1,"46":64,"47":1,"48":1,"49":0,"50":1,"51":1,"52":0,"53":1,"54":1,"55":0,"56":1,"57":1,"58":0,"59":1,"60":1,"61":0,"62":1,"63":1,"64":0,"65":1,"66":1,"67":0,"68":1,"69":64},"b":{"1":[64,0],"2":[64,64]},"f":{"1":0,"2":0,"3":0,"4":0,"5":0,"6":0,"7":0,"8":0,"9":0,"10":0,"11":0,"12":0,"13":0,"14":0,"15":64,"16":0,"17":0,"18":0,"19":0,"20":0,"21":0,"22":0,"23":64},"fnMap":{"1":{"name":"get","line":11,"loc":{"start":{"line":11,"column":7},"end":{"line":11,"column":22}}},"2":{"name":"get","line":20,"loc":{"start":{"line":20,"column":7},"end":{"line":20,"column":22}}},"3":{"name":"get","line":29,"loc":{"start":{"line":29,"column":7},"end":{"line":29,"column":22}}},"4":{"name":"get","line":38,"loc":{"start":{"line":38,"column":7},"end":{"line":38,"column":22}}},"5":{"name":"get","line":47,"loc":{"start":{"line":47,"column":7},"end":{"line":47,"column":22}}},"6":{"name":"get","line":56,"loc":{"start":{"line":56,"column":7},"end":{"line":56,"column":22}}},"7":{"name":"get","line":65,"loc":{"start":{"line":65,"column":7},"end":{"line":65,"column":22}}},"8":{"name":"get","line":74,"loc":{"start":{"line":74,"column":7},"end":{"line":74,"column":22}}},"9":{"name":"get","line":83,"loc":{"start":{"line":83,"column":7},"end":{"line":83,"column":22}}},"10":{"name":"get","line":92,"loc":{"start":{"line":92,"column":7},"end":{"line":92,"column":22}}},"11":{"name":"get","line":101,"loc":{"start":{"line":101,"column":7},"end":{"line":101,"column":22}}},"12":{"name":"get","line":110,"loc":{"start":{"line":110,"column":7},"end":{"line":110,"column":22}}},"13":{"name":"get","line":119,"loc":{"start":{"line":119,"column":7},"end":{"line":119,"column":22}}},"14":{"name":"get","line":128,"loc":{"start":{"line":128,"column":7},"end":{"line":128,"column":22}}},"15":{"name":"get","line":137,"loc":{"start":{"line":137,"column":7},"end":{"line":137,"column":22}}},"16":{"name":"get","line":146,"loc":{"start":{"line":146,"column":7},"end":{"line":146,"column":22}}},"17":{"name":"get","line":155,"loc":{"start":{"line":155,"column":7},"end":{"line":155,"column":22}}},"18":{"name":"get","line":164,"loc":{"start":{"line":164,"column":7},"end":{"line":164,"column":22}}},"19":{"name":"get","line":173,"loc":{"start":{"line":173,"column":7},"end":{"line":173,"column":22}}},"20":{"name":"get","line":182,"loc":{"start":{"line":182,"column":7},"end":{"line":182,"column":22}}},"21":{"name":"get","line":191,"loc":{"start":{"line":191,"column":7},"end":{"line":191,"column":22}}},"22":{"name":"get","line":200,"loc":{"start":{"line":200,"column":7},"end":{"line":200,"column":22}}},"23":{"name":"_interopRequireDefault","line":205,"loc":{"start":{"line":205,"column":0},"end":{"line":205,"column":37}}}},"statementMap":{"1":{"start":{"line":3,"column":0},"end":{"line":5,"column":3}},"2":{"start":{"line":7,"column":0},"end":{"line":7,"column":54}},"3":{"start":{"line":9,"column":0},"end":{"line":14,"column":3}},"4":{"start":{"line":12,"column":4},"end":{"line":12,"column":61}},"5":{"start":{"line":16,"column":0},"end":{"line":16,"column":56}},"6":{"start":{"line":18,"column":0},"end":{"line":23,"column":3}},"7":{"start":{"line":21,"column":4},"end":{"line":21,"column":62}},"8":{"start":{"line":25,"column":0},"end":{"line":25,"column":44}},"9":{"start":{"line":27,"column":0},"end":{"line":32,"column":3}},"10":{"start":{"line":30,"column":4},"end":{"line":30,"column":56}},"11":{"start":{"line":34,"column":0},"end":{"line":34,"column":64}},"12":{"start":{"line":36,"column":0},"end":{"line":41,"column":3}},"13":{"start":{"line":39,"column":4},"end":{"line":39,"column":66}},"14":{"start":{"line":43,"column":0},"end":{"line":43,"column":58}},"15":{"start":{"line":45,"column":0},"end":{"line":50,"column":3}},"16":{"start":{"line":48,"column":4},"end":{"line":48,"column":63}},"17":{"start":{"line":52,"column":0},"end":{"line":52,"column":72}},"18":{"start":{"line":54,"column":0},"end":{"line":59,"column":3}},"19":{"start":{"line":57,"column":4},"end":{"line":57,"column":70}},"20":{"start":{"line":61,"column":0},"end":{"line":61,"column":38}},"21":{"start":{"line":63,"column":0},"end":{"line":68,"column":3}},"22":{"start":{"line":66,"column":4},"end":{"line":66,"column":53}},"23":{"start":{"line":70,"column":0},"end":{"line":70,"column":46}},"24":{"start":{"line":72,"column":0},"end":{"line":77,"column":3}},"25":{"start":{"line":75,"column":4},"end":{"line":75,"column":57}},"26":{"start":{"line":79,"column":0},"end":{"line":79,"column":52}},"27":{"start":{"line":81,"column":0},"end":{"line":86,"column":3}},"28":{"start":{"line":84,"column":4},"end":{"line":84,"column":60}},"29":{"start":{"line":88,"column":0},"end":{"line":88,"column":58}},"30":{"start":{"line":90,"column":0},"end":{"line":95,"column":3}},"31":{"start":{"line":93,"column":4},"end":{"line":93,"column":63}},"32":{"start":{"line":97,"column":0},"end":{"line":97,"column":50}},"33":{"start":{"line":99,"column":0},"end":{"line":104,"column":3}},"34":{"start":{"line":102,"column":4},"end":{"line":102,"column":59}},"35":{"start":{"line":106,"column":0},"end":{"line":106,"column":58}},"36":{"start":{"line":108,"column":0},"end":{"line":113,"column":3}},"37":{"start":{"line":111,"column":4},"end":{"line":111,"column":63}},"38":{"start":{"line":115,"column":0},"end":{"line":115,"column":70}},"39":{"start":{"line":117,"column":0},"end":{"line":122,"column":3}},"40":{"start":{"line":120,"column":4},"end":{"line":120,"column":69}},"41":{"start":{"line":124,"column":0},"end":{"line":124,"column":46}},"42":{"start":{"line":126,"column":0},"end":{"line":131,"column":3}},"43":{"start":{"line":129,"column":4},"end":{"line":129,"column":57}},"44":{"start":{"line":133,"column":0},"end":{"line":133,"column":40}},"45":{"start":{"line":135,"column":0},"end":{"line":140,"column":3}},"46":{"start":{"line":138,"column":4},"end":{"line":138,"column":54}},"47":{"start":{"line":142,"column":0},"end":{"line":142,"column":62}},"48":{"start":{"line":144,"column":0},"end":{"line":149,"column":3}},"49":{"start":{"line":147,"column":4},"end":{"line":147,"column":65}},"50":{"start":{"line":151,"column":0},"end":{"line":151,"column":58}},"51":{"start":{"line":153,"column":0},"end":{"line":158,"column":3}},"52":{"start":{"line":156,"column":4},"end":{"line":156,"column":63}},"53":{"start":{"line":160,"column":0},"end":{"line":160,"column":60}},"54":{"start":{"line":162,"column":0},"end":{"line":167,"column":3}},"55":{"start":{"line":165,"column":4},"end":{"line":165,"column":64}},"56":{"start":{"line":169,"column":0},"end":{"line":169,"column":48}},"57":{"start":{"line":171,"column":0},"end":{"line":176,"column":3}},"58":{"start":{"line":174,"column":4},"end":{"line":174,"column":58}},"59":{"start":{"line":178,"column":0},"end":{"line":178,"column":52}},"60":{"start":{"line":180,"column":0},"end":{"line":185,"column":3}},"61":{"start":{"line":183,"column":4},"end":{"line":183,"column":60}},"62":{"start":{"line":187,"column":0},"end":{"line":187,"column":48}},"63":{"start":{"line":189,"column":0},"end":{"line":194,"column":3}},"64":{"start":{"line":192,"column":4},"end":{"line":192,"column":58}},"65":{"start":{"line":196,"column":0},"end":{"line":196,"column":56}},"66":{"start":{"line":198,"column":0},"end":{"line":203,"column":3}},"67":{"start":{"line":201,"column":4},"end":{"line":201,"column":62}},"68":{"start":{"line":205,"column":0},"end":{"line":205,"column":95}},"69":{"start":{"line":205,"column":39},"end":{"line":205,"column":93}}},"branchMap":{"1":{"line":205,"type":"cond-expr","locations":[{"start":{"line":205,"column":70},"end":{"line":205,"column":73}},{"start":{"line":205,"column":76},"end":{"line":205,"column":92}}]},"2":{"line":205,"type":"binary-expr","locations":[{"start":{"line":205,"column":46},"end":{"line":205,"column":49}},{"start":{"line":205,"column":53},"end":{"line":205,"column":67}}]}},"code":["\"use strict\";","","Object.defineProperty(exports, \"__esModule\", {","  value: true","});","","var _atRuleParamIndex = require(\"./atRuleParamIndex\");","","Object.defineProperty(exports, \"atRuleParamIndex\", {","  enumerable: true,","  get: function get() {","    return _interopRequireDefault(_atRuleParamIndex).default;","  }","});","","var _beforeBlockString = require(\"./beforeBlockString\");","","Object.defineProperty(exports, \"beforeBlockString\", {","  enumerable: true,","  get: function get() {","    return _interopRequireDefault(_beforeBlockString).default;","  }","});","","var _blockString = require(\"./blockString\");","","Object.defineProperty(exports, \"blockString\", {","  enumerable: true,","  get: function get() {","    return _interopRequireDefault(_blockString).default;","  }","});","","var _declarationValueIndex = require(\"./declarationValueIndex\");","","Object.defineProperty(exports, \"declarationValueIndex\", {","  enumerable: true,","  get: function get() {","    return _interopRequireDefault(_declarationValueIndex).default;","  }","});","","var _findCommentsInRaws = require(\"./findCommentsInRaws\");","","Object.defineProperty(exports, \"findCommentsInRaws\", {","  enumerable: true,","  get: function get() {","    return _interopRequireDefault(_findCommentsInRaws).default;","  }","});","","var _hasInterpolatingAmpersand = require(\"./hasInterpolatingAmpersand\");","","Object.defineProperty(exports, \"hasInterpolatingAmpersand\", {","  enumerable: true,","  get: function get() {","    return _interopRequireDefault(_hasInterpolatingAmpersand).default;","  }","});","","var _hasBlock = require(\"./hasBlock\");","","Object.defineProperty(exports, \"hasBlock\", {","  enumerable: true,","  get: function get() {","    return _interopRequireDefault(_hasBlock).default;","  }","});","","var _hasEmptyLine = require(\"./hasEmptyLine\");","","Object.defineProperty(exports, \"hasEmptyLine\", {","  enumerable: true,","  get: function get() {","    return _interopRequireDefault(_hasEmptyLine).default;","  }","});","","var _isInlineComment = require(\"./isInlineComment\");","","Object.defineProperty(exports, \"isInlineComment\", {","  enumerable: true,","  get: function get() {","    return _interopRequireDefault(_isInlineComment).default;","  }","});","","var _isSingleLineString = require(\"./isSingleLineString\");","","Object.defineProperty(exports, \"isSingleLineString\", {","  enumerable: true,","  get: function get() {","    return _interopRequireDefault(_isSingleLineString).default;","  }","});","","var _isStandardRule = require(\"./isStandardRule\");","","Object.defineProperty(exports, \"isStandardRule\", {","  enumerable: true,","  get: function get() {","    return _interopRequireDefault(_isStandardRule).default;","  }","});","","var _isStandardSelector = require(\"./isStandardSelector\");","","Object.defineProperty(exports, \"isStandardSelector\", {","  enumerable: true,","  get: function get() {","    return _interopRequireDefault(_isStandardSelector).default;","  }","});","","var _isStandardSyntaxProperty = require(\"./isStandardSyntaxProperty\");","","Object.defineProperty(exports, \"isStandardSyntaxProperty\", {","  enumerable: true,","  get: function get() {","    return _interopRequireDefault(_isStandardSyntaxProperty).default;","  }","});","","var _isWhitespace = require(\"./isWhitespace\");","","Object.defineProperty(exports, \"isWhitespace\", {","  enumerable: true,","  get: function get() {","    return _interopRequireDefault(_isWhitespace).default;","  }","});","","var _namespace = require(\"./namespace\");","","Object.defineProperty(exports, \"namespace\", {","  enumerable: true,","  get: function get() {","    return _interopRequireDefault(_namespace).default;","  }","});","","var _optionsHaveException = require(\"./optionsHaveException\");","","Object.defineProperty(exports, \"optionsHaveException\", {","  enumerable: true,","  get: function get() {","    return _interopRequireDefault(_optionsHaveException).default;","  }","});","","var _optionsHaveIgnored = require(\"./optionsHaveIgnored\");","","Object.defineProperty(exports, \"optionsHaveIgnored\", {","  enumerable: true,","  get: function get() {","    return _interopRequireDefault(_optionsHaveIgnored).default;","  }","});","","var _parseNestedPropRoot = require(\"./parseNestedPropRoot\");","","Object.defineProperty(exports, \"parseNestedPropRoot\", {","  enumerable: true,","  get: function get() {","    return _interopRequireDefault(_parseNestedPropRoot).default;","  }","});","","var _parseSelector = require(\"./parseSelector\");","","Object.defineProperty(exports, \"parseSelector\", {","  enumerable: true,","  get: function get() {","    return _interopRequireDefault(_parseSelector).default;","  }","});","","var _sassValueParser = require(\"./sassValueParser\");","","Object.defineProperty(exports, \"findOperators\", {","  enumerable: true,","  get: function get() {","    return _interopRequireDefault(_sassValueParser).default;","  }","});","","var _rawNodeString = require(\"./rawNodeString\");","","Object.defineProperty(exports, \"rawNodeString\", {","  enumerable: true,","  get: function get() {","    return _interopRequireDefault(_rawNodeString).default;","  }","});","","var _whitespaceChecker = require(\"./whitespaceChecker\");","","Object.defineProperty(exports, \"whitespaceChecker\", {","  enumerable: true,","  get: function get() {","    return _interopRequireDefault(_whitespaceChecker).default;","  }","});","","function _interopRequireDefault(obj) { return obj && obj.__esModule ? obj : { default: obj }; }"],"l":{"3":1,"7":1,"9":1,"12":0,"16":1,"18":1,"21":0,"25":1,"27":1,"30":0,"34":1,"36":1,"39":0,"43":1,"45":1,"48":0,"52":1,"54":1,"57":0,"61":1,"63":1,"66":0,"70":1,"72":1,"75":0,"79":1,"81":1,"84":0,"88":1,"90":1,"93":0,"97":1,"99":1,"102":0,"106":1,"108":1,"111":0,"115":1,"117":1,"120":0,"124":1,"126":1,"129":0,"133":1,"135":1,"138":64,"142":1,"144":1,"147":0,"151":1,"153":1,"156":0,"160":1,"162":1,"165":0,"169":1,"171":1,"174":0,"178":1,"180":1,"183":0,"187":1,"189":1,"192":0,"196":1,"198":1,"201":0,"205":64}},"/home/travis/build/npmtest/node-npmtest-stylelint-scss/node_modules/stylelint-scss/dist/utils/atRuleParamIndex.js":{"path":"/home/travis/build/npmtest/node-npmtest-stylelint-scss/node_modules/stylelint-scss/dist/utils/atRuleParamIndex.js","s":{"1":1,"2":1,"3":0,"4":0,"5":0,"6":0},"b":{"1":[0,0]},"f":{"1":0},"fnMap":{"1":{"name":"(anonymous_1)","line":7,"loc":{"start":{"line":7,"column":18},"end":{"line":7,"column":36}}}},"statementMap":{"1":{"start":{"line":3,"column":0},"end":{"line":5,"column":3}},"2":{"start":{"line":7,"column":0},"end":{"line":14,"column":2}},"3":{"start":{"line":9,"column":2},"end":{"line":9,"column":37}},"4":{"start":{"line":10,"column":2},"end":{"line":12,"column":3}},"5":{"start":{"line":11,"column":4},"end":{"line":11,"column":44}},"6":{"start":{"line":13,"column":2},"end":{"line":13,"column":15}}},"branchMap":{"1":{"line":10,"type":"if","locations":[{"start":{"line":10,"column":2},"end":{"line":10,"column":2}},{"start":{"line":10,"column":2},"end":{"line":10,"column":2}}]}},"code":["\"use strict\";","","Object.defineProperty(exports, \"__esModule\", {","  value: true","});","","exports.default = function (atRule) {","  // Initial 1 is for the `@`","  var index = 1 + atRule.name.length;","  if (atRule.raw(\"afterName\")) {","    index += atRule.raw(\"afterName\").length;","  }","  return index;","};"],"l":{"3":1,"7":1,"9":0,"10":0,"11":0,"13":0}},"/home/travis/build/npmtest/node-npmtest-stylelint-scss/node_modules/stylelint-scss/dist/utils/beforeBlockString.js":{"path":"/home/travis/build/npmtest/node-npmtest-stylelint-scss/node_modules/stylelint-scss/dist/utils/beforeBlockString.js","s":{"1":1,"2":1,"3":0,"4":0,"5":0,"6":0,"7":0,"8":0,"9":0,"10":0,"11":0,"12":0,"13":0,"14":0,"15":0},"b":{"1":[0,0],"2":[0,0],"3":[0,0],"4":[0,0],"5":[0,0],"6":[0,0],"7":[0,0]},"f":{"1":0},"fnMap":{"1":{"name":"(anonymous_1)","line":7,"loc":{"start":{"line":7,"column":18},"end":{"line":7,"column":39}}}},"statementMap":{"1":{"start":{"line":3,"column":0},"end":{"line":5,"column":3}},"2":{"start":{"line":7,"column":0},"end":{"line":32,"column":2}},"3":{"start":{"line":8,"column":2},"end":{"line":9,"column":37}},"4":{"start":{"line":11,"column":2},"end":{"line":11,"column":18}},"5":{"start":{"line":12,"column":2},"end":{"line":14,"column":3}},"6":{"start":{"line":13,"column":4},"end":{"line":13,"column":18}},"7":{"start":{"line":16,"column":2},"end":{"line":18,"column":3}},"8":{"start":{"line":17,"column":4},"end":{"line":17,"column":36}},"9":{"start":{"line":19,"column":2},"end":{"line":23,"column":3}},"10":{"start":{"line":20,"column":4},"end":{"line":20,"column":33}},"11":{"start":{"line":22,"column":4},"end":{"line":22,"column":81}},"12":{"start":{"line":25,"column":2},"end":{"line":25,"column":39}},"13":{"start":{"line":27,"column":2},"end":{"line":29,"column":3}},"14":{"start":{"line":28,"column":4},"end":{"line":28,"column":22}},"15":{"start":{"line":31,"column":2},"end":{"line":31,"column":16}}},"branchMap":{"1":{"line":8,"type":"cond-expr","locations":[{"start":{"line":8,"column":66},"end":{"line":8,"column":78}},{"start":{"line":8,"column":81},"end":{"line":8,"column":83}}]},"2":{"line":8,"type":"binary-expr","locations":[{"start":{"line":8,"column":13},"end":{"line":8,"column":33}},{"start":{"line":8,"column":37},"end":{"line":8,"column":63}}]},"3":{"line":12,"type":"if","locations":[{"start":{"line":12,"column":2},"end":{"line":12,"column":2}},{"start":{"line":12,"column":2},"end":{"line":12,"column":2}}]},"4":{"line":12,"type":"binary-expr","locations":[{"start":{"line":12,"column":6},"end":{"line":12,"column":31}},{"start":{"line":12,"column":35},"end":{"line":12,"column":62}}]},"5":{"line":16,"type":"if","locations":[{"start":{"line":16,"column":2},"end":{"line":16,"column":2}},{"start":{"line":16,"column":2},"end":{"line":16,"column":2}}]},"6":{"line":19,"type":"if","locations":[{"start":{"line":19,"column":2},"end":{"line":19,"column":2}},{"start":{"line":19,"column":2},"end":{"line":19,"column":2}}]},"7":{"line":27,"type":"if","locations":[{"start":{"line":27,"column":2},"end":{"line":27,"column":2}},{"start":{"line":27,"column":2},"end":{"line":27,"column":2}}]}},"code":["\"use strict\";","","Object.defineProperty(exports, \"__esModule\", {","  value: true","});","","exports.default = function (statement) {","  var _ref = arguments.length > 1 && arguments[1] !== undefined ? arguments[1] : {},","      noRawBefore = _ref.noRawBefore;","","  var result = \"\";","  if (statement.type !== \"rule\" && statement.type !== \"atrule\") {","    return result;","  }","","  if (!noRawBefore) {","    result += statement.raws.before;","  }","  if (statement.type === \"rule\") {","    result += statement.selector;","  } else {","    result += \"@\" + statement.name + statement.raws.afterName + statement.params;","  }","","  var between = statement.raws.between;","","  if (between !== undefined) {","    result += between;","  }","","  return result;","};"],"l":{"3":1,"7":1,"8":0,"11":0,"12":0,"13":0,"16":0,"17":0,"19":0,"20":0,"22":0,"25":0,"27":0,"28":0,"31":0}},"/home/travis/build/npmtest/node-npmtest-stylelint-scss/node_modules/stylelint-scss/dist/utils/blockString.js":{"path":"/home/travis/build/npmtest/node-npmtest-stylelint-scss/node_modules/stylelint-scss/dist/utils/blockString.js","s":{"1":1,"2":1,"3":0,"4":0,"5":0,"6":1,"7":1,"8":1,"9":1,"10":1,"11":1,"12":1,"13":3},"b":{"1":[0,0],"2":[3,0],"3":[3,3]},"f":{"1":0,"2":3},"fnMap":{"1":{"name":"(anonymous_1)","line":7,"loc":{"start":{"line":7,"column":18},"end":{"line":7,"column":39}}},"2":{"name":"_interopRequireDefault","line":26,"loc":{"start":{"line":26,"column":0},"end":{"line":26,"column":37}}}},"statementMap":{"1":{"start":{"line":3,"column":0},"end":{"line":5,"column":3}},"2":{"start":{"line":7,"column":0},"end":{"line":12,"column":2}},"3":{"start":{"line":8,"column":2},"end":{"line":10,"column":3}},"4":{"start":{"line":9,"column":4},"end":{"line":9,"column":11}},"5":{"start":{"line":11,"column":2},"end":{"line":11,"column":107}},"6":{"start":{"line":14,"column":0},"end":{"line":14,"column":56}},"7":{"start":{"line":16,"column":0},"end":{"line":16,"column":69}},"8":{"start":{"line":18,"column":0},"end":{"line":18,"column":38}},"9":{"start":{"line":20,"column":0},"end":{"line":20,"column":51}},"10":{"start":{"line":22,"column":0},"end":{"line":22,"column":48}},"11":{"start":{"line":24,"column":0},"end":{"line":24,"column":61}},"12":{"start":{"line":26,"column":0},"end":{"line":26,"column":95}},"13":{"start":{"line":26,"column":39},"end":{"line":26,"column":93}}},"branchMap":{"1":{"line":8,"type":"if","locations":[{"start":{"line":8,"column":2},"end":{"line":8,"column":2}},{"start":{"line":8,"column":2},"end":{"line":8,"column":2}}]},"2":{"line":26,"type":"cond-expr","locations":[{"start":{"line":26,"column":70},"end":{"line":26,"column":73}},{"start":{"line":26,"column":76},"end":{"line":26,"column":92}}]},"3":{"line":26,"type":"binary-expr","locations":[{"start":{"line":26,"column":46},"end":{"line":26,"column":49}},{"start":{"line":26,"column":53},"end":{"line":26,"column":67}}]}},"code":["\"use strict\";","","Object.defineProperty(exports, \"__esModule\", {","  value: true","});","","exports.default = function (statement) {","  if (!(0, _hasBlock2.default)(statement)) {","    return;","  }","  return (0, _rawNodeString2.default)(statement).slice((0, _beforeBlockString2.default)(statement).length);","};","","var _beforeBlockString = require(\"./beforeBlockString\");","","var _beforeBlockString2 = _interopRequireDefault(_beforeBlockString);","","var _hasBlock = require(\"./hasBlock\");","","var _hasBlock2 = _interopRequireDefault(_hasBlock);","","var _rawNodeString = require(\"./rawNodeString\");","","var _rawNodeString2 = _interopRequireDefault(_rawNodeString);","","function _interopRequireDefault(obj) { return obj && obj.__esModule ? obj : { default: obj }; }"],"l":{"3":1,"7":1,"8":0,"9":0,"11":0,"14":1,"16":1,"18":1,"20":1,"22":1,"24":1,"26":3}},"/home/travis/build/npmtest/node-npmtest-stylelint-scss/node_modules/stylelint-scss/dist/utils/hasBlock.js":{"path":"/home/travis/build/npmtest/node-npmtest-stylelint-scss/node_modules/stylelint-scss/dist/utils/hasBlock.js","s":{"1":1,"2":1,"3":0},"b":{},"f":{"1":0},"fnMap":{"1":{"name":"(anonymous_1)","line":7,"loc":{"start":{"line":7,"column":18},"end":{"line":7,"column":39}}}},"statementMap":{"1":{"start":{"line":3,"column":0},"end":{"line":5,"column":3}},"2":{"start":{"line":7,"column":0},"end":{"line":9,"column":2}},"3":{"start":{"line":8,"column":2},"end":{"line":8,"column":39}}},"branchMap":{},"code":["\"use strict\";","","Object.defineProperty(exports, \"__esModule\", {","  value: true","});","","exports.default = function (statement) {","  return statement.nodes !== undefined;","};"],"l":{"3":1,"7":1,"8":0}},"/home/travis/build/npmtest/node-npmtest-stylelint-scss/node_modules/stylelint-scss/dist/utils/rawNodeString.js":{"path":"/home/travis/build/npmtest/node-npmtest-stylelint-scss/node_modules/stylelint-scss/dist/utils/rawNodeString.js","s":{"1":1,"2":1,"3":0,"4":0,"5":0,"6":0,"7":0},"b":{"1":[0,0]},"f":{"1":0},"fnMap":{"1":{"name":"(anonymous_1)","line":7,"loc":{"start":{"line":7,"column":18},"end":{"line":7,"column":34}}}},"statementMap":{"1":{"start":{"line":3,"column":0},"end":{"line":5,"column":3}},"2":{"start":{"line":7,"column":0},"end":{"line":14,"column":2}},"3":{"start":{"line":8,"column":2},"end":{"line":8,"column":18}},"4":{"start":{"line":9,"column":2},"end":{"line":11,"column":3}},"5":{"start":{"line":10,"column":4},"end":{"line":10,"column":31}},"6":{"start":{"line":12,"column":2},"end":{"line":12,"column":28}},"7":{"start":{"line":13,"column":2},"end":{"line":13,"column":16}}},"branchMap":{"1":{"line":9,"type":"if","locations":[{"start":{"line":9,"column":2},"end":{"line":9,"column":2}},{"start":{"line":9,"column":2},"end":{"line":9,"column":2}}]}},"code":["\"use strict\";","","Object.defineProperty(exports, \"__esModule\", {","  value: true","});","","exports.default = function (node) {","  var result = \"\";","  if (node.raws.before) {","    result += node.raws.before;","  }","  result += node.toString();","  return result;","};"],"l":{"3":1,"7":1,"8":0,"9":0,"10":0,"12":0,"13":0}},"/home/travis/build/npmtest/node-npmtest-stylelint-scss/node_modules/stylelint-scss/dist/utils/declarationValueIndex.js":{"path":"/home/travis/build/npmtest/node-npmtest-stylelint-scss/node_modules/stylelint-scss/dist/utils/declarationValueIndex.js","s":{"1":1,"2":1,"3":0,"4":0,"5":0},"b":{},"f":{"1":0},"fnMap":{"1":{"name":"(anonymous_1)","line":7,"loc":{"start":{"line":7,"column":18},"end":{"line":7,"column":34}}}},"statementMap":{"1":{"start":{"line":3,"column":0},"end":{"line":5,"column":3}},"2":{"start":{"line":7,"column":0},"end":{"line":11,"column":2}},"3":{"start":{"line":8,"column":2},"end":{"line":8,"column":49}},"4":{"start":{"line":9,"column":2},"end":{"line":9,"column":81}},"5":{"start":{"line":10,"column":2},"end":{"line":10,"column":34}}},"branchMap":{},"code":["\"use strict\";","","Object.defineProperty(exports, \"__esModule\", {","  value: true","});","","exports.default = function (decl) {","  var beforeColon = decl.toString().indexOf(\":\");","  var afterColon = decl.raw(\"between\").length - decl.raw(\"between\").indexOf(\":\");","  return beforeColon + afterColon;","};"],"l":{"3":1,"7":1,"8":0,"9":0,"10":0}},"/home/travis/build/npmtest/node-npmtest-stylelint-scss/node_modules/stylelint-scss/dist/utils/findCommentsInRaws.js":{"path":"/home/travis/build/npmtest/node-npmtest-stylelint-scss/node_modules/stylelint-scss/dist/utils/findCommentsInRaws.js","s":{"1":1,"2":1,"3":1,"4":1,"5":1,"6":1,"7":1,"8":0,"9":0,"10":0,"11":0,"12":0,"13":0,"14":0,"15":0,"16":0,"17":0,"18":0,"19":0,"20":0,"21":0,"22":0,"23":0,"24":0,"25":0,"26":0,"27":0,"28":0,"29":0,"30":0,"31":0,"32":0,"33":0,"34":0,"35":0,"36":0,"37":0,"38":0,"39":0,"40":0,"41":0,"42":0,"43":0,"44":0,"45":0,"46":0,"47":0,"48":0,"49":0,"50":0,"51":0,"52":0,"53":0,"54":0,"55":0,"56":0,"57":0,"58":0,"59":0,"60":0,"61":0,"62":0,"63":0,"64":0,"65":0,"66":0,"67":0,"68":0,"69":0,"70":0,"71":0,"72":0,"73":0,"74":0,"75":0,"76":0,"77":0,"78":0,"79":0,"80":0},"b":{"1":[0,1],"2":[1,1],"3":[0,0],"4":[0,0],"5":[0,0,0,0,0,0,0],"6":[0,0],"7":[0,0],"8":[0,0,0],"9":[0,0],"10":[0,0],"11":[0,0],"12":[0,0],"13":[0,0],"14":[0,0],"15":[0,0],"16":[0,0],"17":[0,0],"18":[0,0],"19":[0,0],"20":[0,0],"21":[0,0],"22":[0,0],"23":[0,0,0],"24":[0,0,0,0],"25":[0,0],"26":[0,0],"27":[0,0],"28":[0,0],"29":[0,0],"30":[0,0]},"f":{"1":1,"2":0},"fnMap":{"1":{"name":"_interopRequireDefault","line":12,"loc":{"start":{"line":12,"column":0},"end":{"line":12,"column":37}}},"2":{"name":"findCommentsInRaws","line":40,"loc":{"start":{"line":40,"column":0},"end":{"line":40,"column":39}}}},"statementMap":{"1":{"start":{"line":3,"column":0},"end":{"line":5,"column":3}},"2":{"start":{"line":6,"column":0},"end":{"line":6,"column":37}},"3":{"start":{"line":8,"column":0},"end":{"line":8,"column":32}},"4":{"start":{"line":10,"column":0},"end":{"line":10,"column":47}},"5":{"start":{"line":12,"column":0},"end":{
[...]
me":"(anonymous_4)","line":51,"loc":{"start":{"line":51,"column":31},"end":{"line":51,"column":52}}},"5":{"name":"(anonymous_5)","line":54,"loc":{"start":{"line":54,"column":42},"end":{"line":54,"column":58}}},"6":{"name":"_interopRequireDefault","line":69,"loc":{"start":{"line":69,"column":0},"end":{"line":69,"column":37}}}},"statementMap":{"1":{"start":{"line":3,"column":0},"end":{"line":5,"column":3}},"2":{"start":{"line":6,"column":0},"end":{"line":6,"column":48}},"3":{"start":{"line":8,"column":0},"end":{"line":59,"column":2}},"4":{"start":{"line":9,"column":2},"end":{"line":58,"column":4}},"5":{"start":{"line":10,"column":4},"end":{"line":12,"column":7}},"6":{"start":{"line":13,"column":4},"end":{"line":15,"column":5}},"7":{"start":{"line":14,"column":6},"end":{"line":14,"column":13}},"8":{"start":{"line":17,"column":4},"end":{"line":20,"column":5}},"9":{"start":{"line":18,"column":6},"end":{"line":18,"column":113}},"10":{"start":{"line":19,"column":6},"end":{"line":19,"column":13}},"11":{"start":{"line":22,"column":4},"end":{"line":22,"column":67}},"12":{"start":{"line":23,"column":4},"end":{"line":23,"column":65}},"13":{"start":{"line":25,"column":4},"end":{"line":40,"column":5}},"14":{"start":{"line":27,"column":6},"end":{"line":27,"column":88}},"15":{"start":{"line":30,"column":6},"end":{"line":32,"column":7}},"16":{"start":{"line":31,"column":8},"end":{"line":31,"column":15}},"17":{"start":{"line":34,"column":6},"end":{"line":39,"column":9}},"18":{"start":{"line":43,"column":4},"end":{"line":45,"column":5}},"19":{"start":{"line":44,"column":6},"end":{"line":44,"column":13}},"20":{"start":{"line":47,"column":4},"end":{"line":49,"column":5}},"21":{"start":{"line":48,"column":6},"end":{"line":48,"column":13}},"22":{"start":{"line":51,"column":4},"end":{"line":57,"column":7}},"23":{"start":{"line":54,"column":6},"end":{"line":56,"column":9}},"24":{"start":{"line":55,"column":8},"end":{"line":55,"column":43}},"25":{"start":{"line":61,"column":0},"end":{"line":61,"column":38}},"26":{"start":{"line":63,"column":0},"end":{"line":63,"column":36}},"27":{"start":{"line":65,"column":0},"end":{"line":65,"column":28}},"28":{"start":{"line":67,"column":0},"end":{"line":67,"column":43}},"29":{"start":{"line":69,"column":0},"end":{"line":69,"column":95}},"30":{"start":{"line":69,"column":39},"end":{"line":69,"column":93}},"31":{"start":{"line":71,"column":0},"end":{"line":71,"column":77}},"32":{"start":{"line":73,"column":0},"end":{"line":75,"column":3}}},"branchMap":{"1":{"line":13,"type":"if","locations":[{"start":{"line":13,"column":4},"end":{"line":13,"column":4}},{"start":{"line":13,"column":4},"end":{"line":13,"column":4}}]},"2":{"line":17,"type":"if","locations":[{"start":{"line":17,"column":4},"end":{"line":17,"column":4}},{"start":{"line":17,"column":4},"end":{"line":17,"column":4}}]},"3":{"line":17,"type":"binary-expr","locations":[{"start":{"line":17,"column":8},"end":{"line":17,"column":44}},{"start":{"line":17,"column":48},"end":{"line":17,"column":71}}]},"4":{"line":30,"type":"if","locations":[{"start":{"line":30,"column":6},"end":{"line":30,"column":6}},{"start":{"line":30,"column":6},"end":{"line":30,"column":6}}]},"5":{"line":30,"type":"binary-expr","locations":[{"start":{"line":30,"column":10},"end":{"line":30,"column":45}},{"start":{"line":30,"column":49},"end":{"line":30,"column":82}},{"start":{"line":30,"column":86},"end":{"line":30,"column":118}},{"start":{"line":30,"column":122},"end":{"line":30,"column":169}}]},"6":{"line":43,"type":"if","locations":[{"start":{"line":43,"column":4},"end":{"line":43,"column":4}},{"start":{"line":43,"column":4},"end":{"line":43,"column":4}}]},"7":{"line":47,"type":"if","locations":[{"start":{"line":47,"column":4},"end":{"line":47,"column":4}},{"start":{"line":47,"column":4},"end":{"line":47,"column":4}}]},"8":{"line":69,"type":"cond-expr","locations":[{"start":{"line":69,"column":70},"end":{"line":69,"column":73}},{"start":{"line":69,"column":76},"end":{"line":69,"column":92}}]},"9":{"line":69,"type":"binary-expr","locations":[{"start":{"line":69,"column":46},"end":{"line":69,"column":49}},{"start":{"line":69,"column":53},"end":{"line":69,"column":67}}]}},"code":["\"use strict\";","","Object.defineProperty(exports, \"__esModule\", {","  value: true","});","exports.messages = exports.ruleName = undefined;","","exports.default = function (on) {","  return function (root, result) {","    var validOptions = _stylelint.utils.validateOptions(result, ruleName, {","      actual: on","    });","    if (!validOptions) {","      return;","    }","","    if (root.source.input.file === undefined || !root.source.input.file) {","      result.warn(\"The 'partial-no-import' rule won't work if linting in a code string without an actual file.\");","      return;","    }","","    var fileName = _path2.default.basename(root.source.input.file);","    var extName = _path2.default.extname(root.source.input.file);","","    function checkImportForCSS(path, decl) {","      // Stripping trailing quotes and whitespaces, if any","      var pathStripped = path.replace(/^\\s*?(\"|')\\s*/, \"\").replace(/\\s*(\"|')\\s*?$/, \"\");","","      // Skipping importing CSS: url(), \".css\", URI with a protocol, media","      if (pathStripped.slice(0, 4) === \"url(\" || pathStripped.slice(-4) === \".css\" || pathStripped.search(\"//\") !== -1 || pathStripped.search(/(?:\\s|[,)\"'])\\w+$/) !== -1) {","        return;","      }","","      _stylelint.utils.report({","        message: messages.expected,","        node: decl,","        result: result,","        ruleName: ruleName","      });","    }","","    // Usual CSS file","    if (extName === \".css\") {","      return;","    }","    // Not a partial","    if (fileName[0] !== \"_\") {","      return;","    }","","    root.walkAtRules(\"import\", function (mixinCall) {","      // Check if @import is treated as CSS import; report only if not","      // Processing comma-separated lists of import paths","      mixinCall.params.split(\",\").forEach(function (path) {","        checkImportForCSS(path, mixinCall);","      });","    });","  };","};","","var _stylelint = require(\"stylelint\");","","var _utils = require(\"../../utils\");","","var _path = require(\"path\");","","var _path2 = _interopRequireDefault(_path);","","function _interopRequireDefault(obj) { return obj && obj.__esModule ? obj : { default: obj }; }","","var ruleName = exports.ruleName = (0, _utils.namespace)(\"partial-no-import\");","","var messages = exports.messages = _stylelint.utils.ruleMessages(ruleName, {","  expected: \"Unexpected @import in a partial\"","});"],"l":{"3":1,"6":1,"8":1,"9":0,"10":0,"13":0,"14":0,"17":0,"18":0,"19":0,"22":0,"23":0,"25":1,"27":0,"30":0,"31":0,"34":0,"43":0,"44":0,"47":0,"48":0,"51":0,"54":0,"55":0,"61":1,"63":1,"65":1,"67":1,"69":1,"71":1,"73":1}},"/home/travis/build/npmtest/node-npmtest-stylelint-scss/node_modules/stylelint-scss/dist/rules/percent-placeholder-pattern/index.js":{"path":"/home/travis/build/npmtest/node-npmtest-stylelint-scss/node_modules/stylelint-scss/dist/rules/percent-placeholder-pattern/index.js","s":{"1":1,"2":1,"3":1,"4":0,"5":0,"6":0,"7":0,"8":0,"9":0,"10":0,"11":1,"12":0,"13":0,"14":0,"15":0,"16":0,"17":0,"18":0,"19":0,"20":0,"21":1,"22":0,"23":0,"24":0,"25":0,"26":0,"27":0,"28":0,"29":0,"30":1,"31":1,"32":1,"33":1,"34":1,"35":1,"36":1,"37":1,"38":1,"39":0},"b":{"1":[0,0],"2":[0,0],"3":[0,0],"4":[0,0],"5":[0,0],"6":[0,0],"7":[0,0],"8":[0,1],"9":[1,1]},"f":{"1":0,"2":0,"3":0,"4":0,"5":0,"6":0,"7":0,"8":1,"9":0},"fnMap":{"1":{"name":"(anonymous_1)","line":8,"loc":{"start":{"line":8,"column":18},"end":{"line":8,"column":37}}},"2":{"name":"(anonymous_2)","line":9,"loc":{"start":{"line":9,"column":9},"end":{"line":9,"column":33}}},"3":{"name":"(anonymous_3)","line":21,"loc":{"start":{"line":21,"column":19},"end":{"line":21,"column":35}}},"4":{"name":"parse","line":25,"loc":{"start":{"line":25,"column":6},"end":{"line":25,"column":31}}},"5":{"name":"(anonymous_5)","line":26,"loc":{"start":{"line":26,"column":58},"end":{"line":26,"column":71}}},"6":{"name":"checkSelector","line":52,"loc":{"start":{"line":52,"column":4},"end":{"line":52,"column":47}}},"7":{"name":"(anonymous_7)","line":54,"loc":{"start":{"line":54,"column":28},"end":{"line":54,"column":56}}},"8":{"name":"_interopRequireDefault","line":88,"loc":{"start":{"line":88,"column":0},"end":{"line":88,"column":37}}},"9":{"name":"expected","line":93,"loc":{"start":{"line":93,"column":12},"end":{"line":93,"column":43}}}},"statementMap":{"1":{"start":{"line":3,"column":0},"end":{"line":5,"column":3}},"2":{"start":{"line":6,"column":0},"end":{"line":6,"column":48}},"3":{"start":{"line":8,"column":0},"end":{"line":76,"column":2}},"4":{"start":{"line":9,"column":2},"end":{"line":75,"column":4}},"5":{"start":{"line":10,"column":4},"end":{"line":13,"column":7}},"6":{"start":{"line":14,"column":4},"end":{"line":16,"column":5}},"7":{"start":{"line":15,"column":6},"end":{"line":15,"column":13}},"8":{"start":{"line":18,"column":4},"end":{"line":18,"column":92}},"9":{"start":{"line":21,"column":4},"end":{"line":50,"column":7}},"10":{"start":{"line":22,"column":6},"end":{"line":22,"column":35}},"11":{"start":{"line":25,"column":6},"end":{"line":29,"column":7}},"12":{"start":{"line":26,"column":8},"end":{"line":28,"column":11}},"13":{"start":{"line":27,"column":10},"end":{"line":27,"column":40}},"14":{"start":{"line":32,"column":6},"end":{"line":34,"column":7}},"15":{"start":{"line":33,"column":8},"end":{"line":33,"column":15}},"16":{"start":{"line":36,"column":6},"end":{"line":38,"column":7}},"17":{"start":{"line":37,"column":8},"end":{"line":37,"column":15}},"18":{"start":{"line":45,"column":6},"end":{"line":49,"column":7}},"19":{"start":{"line":46,"column":8},"end":{"line":46,"column":83}},"20":{"start":{"line":48,"column":8},"end":{"line":48,"column":24}},"21":{"start":{"line":52,"column":4},"end":{"line":74,"column":5}},"22":{"start":{"line":54,"column":6},"end":{"line":73,"column":9}},"23":{"start":{"line":55,"column":8},"end":{"line":56,"column":55}},"24":{"start":{"line":58,"column":8},"end":{"line":60,"column":9}},"25":{"start":{"line":59,"column":10},"end":{"line":59,"column":17}},"26":{"start":{"line":61,"column":8},"end":{"line":61,"column":41}},"27":{"start":{"line":63,"column":8},"end":{"line":65,"column":9}},"28":{"start":{"line":64,"column":10},"end":{"line":64,"column":17}},"29":{"start":{"line":66,"column":8},"end":{"line":72,"column":11}},"30":{"start":{"line":78,"column":0},"end":{"line":78,"column":32}},"31":{"start":{"line":80,"column":0},"end":{"line":80,"column":79}},"32":{"start":{"line":82,"column":0},"end":{"line":82,"column":91}},"33":{"start":{"line":84,"column":0},"end":{"line":84,"column":38}},"34":{"start":{"line":86,"column":0},"end":{"line":86,"column":36}},"35":{"start":{"line":88,"column":0},"end":{"line":88,"column":95}},"36":{"start":{"line":88,"column":39},"end":{"line":88,"column":93}},"37":{"start":{"line":90,"column":0},"end":{"line":90,"column":87}},"38":{"start":{"line":92,"column":0},"end":{"line":96,"column":3}},"39":{"start":{"line":94,"column":4},"end":{"line":94,"column":88}}},"branchMap":{"1":{"line":14,"type":"if","locations":[{"start":{"line":14,"column":4},"end":{"line":14,"column":4}},{"start":{"line":14,"column":4},"end":{"line":14,"column":4}}]},"2":{"line":18,"type":"cond-expr","locations":[{"start":{"line":18,"column":62},"end":{"line":18,"column":81}},{"start":{"line":18,"column":84},"end":{"line":18,"column":91}}]},"3":{"line":32,"type":"if","locations":[{"start":{"line":32,"column":6},"end":{"line":32,"column":6}},{"start":{"line":32,"column":6},"end":{"line":32,"column":6}}]},"4":{"line":36,"type":"if","locations":[{"start":{"line":36,"column":6},"end":{"line":36,"column":6}},{"start":{"line":36,"column":6},"end":{"line":36,"column":6}}]},"5":{"line":45,"type":"if","locations":[{"start":{"line":45,"column":6},"end":{"line":45,"column":6}},{"start":{"line":45,"column":6},"end":{"line":45,"column":6}}]},"6":{"line":58,"type":"if","locations":[{"start":{"line":58,"column":8},"end":{"line":58,"column":8}},{"start":{"line":58,"column":8},"end":{"line":58,"column":8}}]},"7":{"line":63,"type":"if","locations":[{"start":{"line":63,"column":8},"end":{"line":63,"column":8}},{"start":{"line":63,"column":8},"end":{"line":63,"column":8}}]},"8":{"line":88,"type":"cond-expr","locations":[{"start":{"line":88,"column":70},"end":{"line":88,"column":73}},{"start":{"line":88,"column":76},"end":{"line":88,"column":92}}]},"9":{"line":88,"type":"binary-expr","locations":[{"start":{"line":88,"column":46},"end":{"line":88,"column":49}},{"start":{"line":88,"column":53},"end":{"line":88,"column":67}}]}},"code":["\"use strict\";","","Object.defineProperty(exports, \"__esModule\", {","  value: true","});","exports.messages = exports.ruleName = undefined;","","exports.default = function (pattern) {","  return function (root, result) {","    var validOptions = _stylelint.utils.validateOptions(result, ruleName, {","      actual: pattern,","      possible: [_lodash.isRegExp, _lodash.isString]","    });","    if (!validOptions) {","      return;","    }","","    var placeholderPattern = (0, _lodash.isString)(pattern) ? new RegExp(pattern) : pattern;","","    // Checking placeholder definitions (looking among regular rules)","    root.walkRules(function (rule) {","      var selector = rule.selector;","      // Just a shorthand for calling `parseSelector`","","      function parse(selector) {","        (0, _utils.parseSelector)(selector, result, rule, function (s) {","          return checkSelector(s, rule);","        });","      }","","      // If it's a custom prop or a less mixin","      if (!(0, _utils.isStandardRule)(rule)) {","        return;","      }","      // If the selector has interpolation","      if (!(0, _utils.isStandardSelector)(selector)) {","        return;","      }","","      // Nested selectors are processed in steps, as nesting levels are resolved.","      // Here we skip processing intermediate parts of selectors (to process only fully resolved selectors)","      // if (rule.nodes.some(node => node.type === \"rule\" || node.type === \"atrule\")) { return }","","      // Only resolve selectors that have an interpolating \"&\"","      if ((0, _utils.hasInterpolatingAmpersand)(selector)) {","        (0, _postcssResolveNestedSelector2.default)(selector, rule).forEach(parse);","      } else {","        parse(selector);","      }","    });","","    function checkSelector(fullSelector, rule) {","      // postcss-selector-parser gives %placeholders' nodes a \"tag\" type","      fullSelector.walkTags(function (compoundSelector) {","        var value = compoundSelector.value,","            sourceIndex = compoundSelector.sourceIndex;","","        if (value[0] !== \"%\") {","          return;","        }","        var placeholder = value.slice(1);","","        if (placeholderPattern.test(placeholder)) {","          return;","        }","        _stylelint.utils.report({","          result: result,","          ruleName: ruleName,","          message: messages.expected(placeholder),","          node: rule,","          index: sourceIndex","        });","      });","    }","  };","};","","var _lodash = require(\"lodash\");","","var _postcssResolveNestedSelector = require(\"postcss-resolve-nested-selector\");","","var _postcssResolveNestedSelector2 = _interopRequireDefault(_postcssResolveNestedSelector);","","var _stylelint = require(\"stylelint\");","","var _utils = require(\"../../utils\");","","function _interopRequireDefault(obj) { return obj && obj.__esModule ? obj : { default: obj }; }","","var ruleName = exports.ruleName = (0, _utils.namespace)(\"percent-placeholder-pattern\");","","var messages = exports.messages = _stylelint.utils.ruleMessages(ruleName, {","  expected: function expected(placeholder) {","    return \"Expected %-placeholder \\\"%\" + placeholder + \"\\\" to match specified pattern\";","  }","});"],"l":{"3":1,"6":1,"8":1,"9":0,"10":0,"14":0,"15":0,"18":0,"21":0,"22":0,"25":1,"26":0,"27":0,"32":0,"33":0,"36":0,"37":0,"45":0,"46":0,"48":0,"52":1,"54":0,"55":0,"58":0,"59":0,"61":0,"63":0,"64":0,"66":0,"78":1,"80":1,"82":1,"84":1,"86":1,"88":1,"90":1,"92":1,"94":0}},"/home/travis/build/npmtest/node-npmtest-stylelint-scss/node_modules/stylelint-scss/dist/rules/selector-no-redundant-nesting-selector/index.js":{"path":"/home/travis/build/npmtest/node-npmtest-stylelint-scss/node_modules/stylelint-scss/dist/rules/selector-no-redundant-nesting-selector/index.js","s":{"1":1,"2":1,"3":1,"4":0,"5":0,"6":0,"7":0,"8":0,"9":0,"10":0,"11":0,"12":0,"13":1,"14":1,"15":1,"16":1},"b":{"1":[0,0],"2":[0,0],"3":[0,0]},"f":{"1":0,"2":0,"3":0},"fnMap":{"1":{"name":"(anonymous_1)","line":8,"loc":{"start":{"line":8,"column":18},"end":{"line":8,"column":36}}},"2":{"name":"(anonymous_2)","line":9,"loc":{"start":{"line":9,"column":9},"end":{"line":9,"column":33}}},"3":{"name":"(anonymous_3)","line":15,"loc":{"start":{"line":15,"column":24},"end":{"line":15,"column":40}}}},"statementMap":{"1":{"start":{"line":3,"column":0},"end":{"line":5,"column":3}},"2":{"start":{"line":6,"column":0},"end":{"line":6,"column":48}},"3":{"start":{"line":8,"column":0},"end":{"line":31,"column":2}},"4":{"start":{"line":9,"column":2},"end":{"line":30,"column":4}},"5":{"start":{"line":10,"column":4},"end":{"line":10,"column":94}},"6":{"start":{"line":11,"column":4},"end":{"line":13,"column":5}},"7":{"start":{"line":12,"column":6},"end":{"line":12,"column":13}},"8":{"start":{"line":15,"column":4},"end":{"line":29,"column":7}},"9":{"start":{"line":16,"column":6},"end":{"line":16,"column":35}},"10":{"start":{"line":19,"column":6},"end":{"line":19,"column":45}},"11":{"start":{"line":21,"column":6},"end":{"line":28,"column":7}},"12":{"start":{"line":22,"column":8},"end":{"line":27,"column":11}},"13":{"start":{"line":33,"column":0},"end":{"line":33,"column":38}},"14":{"start":{"line":35,"column":0},"end":{"line":35,"column":36}},"15":{"start":{"line":37,"column":0},"end":{"line":37,"column":98}},"16":{"start":{"line":39,"column":0},"end":{"line":41,"column":3}}},"branchMap":{"1":{"line":11,"type":"if","locations":[{"start":{"line":11,"column":4},"end":{"line":11,"column":4}},{"start":{"line":11,"column":4},"end":{"line":11,"column":4}}]},"2":{"line":21,"type":"if","locations":[{"start":{"line":21,"column":6},"end":{"line":21,"column":6}},{"start":{"line":21,"column":6},"end":{"line":21,"column":6}}]},"3":{"line":21,"type":"binary-expr","locations":[{"start":{"line":21,"column":10},"end":{"line":21,"column":26}},{"start":{"line":21,"column":30},"end":{"line":21,"column":50}}]}},"code":["\"use strict\";","","Object.defineProperty(exports, \"__esModule\", {","  value: true","});","exports.messages = exports.ruleName = undefined;","","exports.default = function (actual) {","  return function (root, result) {","    var validOptions = _stylelint.utils.validateOptions(result, ruleName, { actual: actual });","    if (!validOptions) {","      return;","    }","","    root.walkRules(/&/, function (rule) {","      var selector = rule.selector;","      // \"Ampersand followed by a combinator followed by non-combinator non-ampersand and not the selector end\"","","      var regex = /^&\\s*[>+~ ]\\s*[^>+~ {&]+/;","","      if (selector === \"&\" || regex.test(selector)) {","        _stylelint.utils.report({","          ruleName: ruleName,","          result: result,","          node: rule,","          message: messages.rejected","        });","      }","    });","  };","};","","var _stylelint = require(\"stylelint\");","","var _utils = require(\"../../utils\");","","var ruleName = exports.ruleName = (0, _utils.namespace)(\"selector-no-redundant-nesting-selector\");","","var messages = exports.messages = _stylelint.utils.ruleMessages(ruleName, {","  rejected: \"Unnecessary nesting selector (&)\"","});"],"l":{"3":1,"6":1,"8":1,"9":0,"10":0,"11":0,"12":0,"15":0,"16":0,"19":0,"21":0,"22":0,"33":1,"35":1,"37":1,"39":1}}}